[2025-08-28T07:52:47.083+0000] {processor.py:161} INFO - Started process (PID=169) to work on /opt/airflow/dags/poc_pipeline.py
[2025-08-28T07:52:47.124+0000] {processor.py:830} INFO - Processing file /opt/airflow/dags/poc_pipeline.py for tasks to queue
[2025-08-28T07:52:47.160+0000] {logging_mixin.py:188} INFO - [2025-08-28T07:52:47.148+0000] {dagbag.py:538} INFO - Filling up the DagBag from /opt/airflow/dags/poc_pipeline.py
[2025-08-28T07:52:53.097+0000] {processor.py:840} INFO - DAG(s) 'poc_pipeline' retrieved from /opt/airflow/dags/poc_pipeline.py
[2025-08-28T07:53:14.539+0000] {logging_mixin.py:188} INFO - [2025-08-28T07:53:14.463+0000] {override.py:1769} INFO - Created Permission View: can delete on DAG:poc_pipeline
[2025-08-28T07:53:14.706+0000] {logging_mixin.py:188} INFO - [2025-08-28T07:53:14.695+0000] {override.py:1769} INFO - Created Permission View: can edit on DAG:poc_pipeline
[2025-08-28T07:53:14.811+0000] {logging_mixin.py:188} INFO - [2025-08-28T07:53:14.804+0000] {override.py:1769} INFO - Created Permission View: can read on DAG:poc_pipeline
[2025-08-28T07:53:14.820+0000] {logging_mixin.py:188} INFO - [2025-08-28T07:53:14.819+0000] {dag.py:3036} INFO - Sync 1 DAGs
[2025-08-28T07:53:16.692+0000] {logging_mixin.py:188} INFO - [2025-08-28T07:53:16.358+0000] {dag.py:3058} INFO - Creating ORM DAG for poc_pipeline
[2025-08-28T07:53:18.574+0000] {logging_mixin.py:188} INFO - [2025-08-28T07:53:18.541+0000] {dag.py:3823} INFO - Setting next_dagrun for poc_pipeline to 2025-08-27 00:00:00+00:00, run_after=2025-08-28 00:00:00+00:00
[2025-08-28T07:53:19.503+0000] {processor.py:183} INFO - Processing /opt/airflow/dags/poc_pipeline.py took 32.773 seconds
[2025-08-28T07:53:52.813+0000] {processor.py:161} INFO - Started process (PID=180) to work on /opt/airflow/dags/poc_pipeline.py
[2025-08-28T07:53:52.916+0000] {processor.py:830} INFO - Processing file /opt/airflow/dags/poc_pipeline.py for tasks to queue
[2025-08-28T07:53:53.017+0000] {logging_mixin.py:188} INFO - [2025-08-28T07:53:52.979+0000] {dagbag.py:538} INFO - Filling up the DagBag from /opt/airflow/dags/poc_pipeline.py
[2025-08-28T07:53:53.864+0000] {processor.py:840} INFO - DAG(s) 'poc_pipeline' retrieved from /opt/airflow/dags/poc_pipeline.py
[2025-08-28T07:53:54.820+0000] {logging_mixin.py:188} INFO - [2025-08-28T07:53:54.817+0000] {dag.py:3036} INFO - Sync 1 DAGs
[2025-08-28T07:53:55.046+0000] {logging_mixin.py:188} INFO - [2025-08-28T07:53:55.045+0000] {dag.py:3823} INFO - Setting next_dagrun for poc_pipeline to 2025-08-27 00:00:00+00:00, run_after=2025-08-28 00:00:00+00:00
[2025-08-28T07:53:55.174+0000] {processor.py:183} INFO - Processing /opt/airflow/dags/poc_pipeline.py took 2.630 seconds
[2025-08-28T07:54:25.477+0000] {processor.py:161} INFO - Started process (PID=188) to work on /opt/airflow/dags/poc_pipeline.py
[2025-08-28T07:54:25.487+0000] {processor.py:830} INFO - Processing file /opt/airflow/dags/poc_pipeline.py for tasks to queue
[2025-08-28T07:54:25.492+0000] {logging_mixin.py:188} INFO - [2025-08-28T07:54:25.492+0000] {dagbag.py:538} INFO - Filling up the DagBag from /opt/airflow/dags/poc_pipeline.py
[2025-08-28T07:54:25.617+0000] {processor.py:840} INFO - DAG(s) 'poc_pipeline' retrieved from /opt/airflow/dags/poc_pipeline.py
[2025-08-28T07:54:25.960+0000] {logging_mixin.py:188} INFO - [2025-08-28T07:54:25.959+0000] {dag.py:3036} INFO - Sync 1 DAGs
[2025-08-28T07:54:26.115+0000] {logging_mixin.py:188} INFO - [2025-08-28T07:54:26.114+0000] {dag.py:3823} INFO - Setting next_dagrun for poc_pipeline to 2025-08-27 00:00:00+00:00, run_after=2025-08-28 00:00:00+00:00
[2025-08-28T07:54:26.188+0000] {processor.py:183} INFO - Processing /opt/airflow/dags/poc_pipeline.py took 0.741 seconds
[2025-08-28T07:54:56.433+0000] {processor.py:161} INFO - Started process (PID=200) to work on /opt/airflow/dags/poc_pipeline.py
[2025-08-28T07:54:56.439+0000] {processor.py:830} INFO - Processing file /opt/airflow/dags/poc_pipeline.py for tasks to queue
[2025-08-28T07:54:56.442+0000] {logging_mixin.py:188} INFO - [2025-08-28T07:54:56.441+0000] {dagbag.py:538} INFO - Filling up the DagBag from /opt/airflow/dags/poc_pipeline.py
[2025-08-28T07:54:56.507+0000] {processor.py:840} INFO - DAG(s) 'poc_pipeline' retrieved from /opt/airflow/dags/poc_pipeline.py
[2025-08-28T07:54:56.651+0000] {logging_mixin.py:188} INFO - [2025-08-28T07:54:56.650+0000] {dag.py:3036} INFO - Sync 1 DAGs
[2025-08-28T07:54:56.734+0000] {logging_mixin.py:188} INFO - [2025-08-28T07:54:56.733+0000] {dag.py:3823} INFO - Setting next_dagrun for poc_pipeline to 2025-08-27 00:00:00+00:00, run_after=2025-08-28 00:00:00+00:00
[2025-08-28T07:54:56.784+0000] {processor.py:183} INFO - Processing /opt/airflow/dags/poc_pipeline.py took 0.383 seconds
[2025-08-28T07:55:31.559+0000] {processor.py:161} INFO - Started process (PID=209) to work on /opt/airflow/dags/poc_pipeline.py
[2025-08-28T07:55:31.575+0000] {processor.py:830} INFO - Processing file /opt/airflow/dags/poc_pipeline.py for tasks to queue
[2025-08-28T07:55:31.588+0000] {logging_mixin.py:188} INFO - [2025-08-28T07:55:31.585+0000] {dagbag.py:538} INFO - Filling up the DagBag from /opt/airflow/dags/poc_pipeline.py
[2025-08-28T07:55:32.343+0000] {processor.py:840} INFO - DAG(s) 'poc_pipeline' retrieved from /opt/airflow/dags/poc_pipeline.py
[2025-08-28T07:55:32.852+0000] {logging_mixin.py:188} INFO - [2025-08-28T07:55:32.846+0000] {dag.py:3036} INFO - Sync 1 DAGs
[2025-08-28T07:55:33.231+0000] {logging_mixin.py:188} INFO - [2025-08-28T07:55:33.228+0000] {dag.py:3823} INFO - Setting next_dagrun for poc_pipeline to 2025-08-27 00:00:00+00:00, run_after=2025-08-28 00:00:00+00:00
[2025-08-28T07:55:33.995+0000] {processor.py:183} INFO - Processing /opt/airflow/dags/poc_pipeline.py took 2.570 seconds
[2025-08-28T07:56:06.056+0000] {processor.py:161} INFO - Started process (PID=219) to work on /opt/airflow/dags/poc_pipeline.py
[2025-08-28T07:56:06.111+0000] {processor.py:830} INFO - Processing file /opt/airflow/dags/poc_pipeline.py for tasks to queue
[2025-08-28T07:56:06.146+0000] {logging_mixin.py:188} INFO - [2025-08-28T07:56:06.134+0000] {dagbag.py:538} INFO - Filling up the DagBag from /opt/airflow/dags/poc_pipeline.py
[2025-08-28T07:56:06.398+0000] {processor.py:840} INFO - DAG(s) 'poc_pipeline' retrieved from /opt/airflow/dags/poc_pipeline.py
[2025-08-28T07:56:06.851+0000] {logging_mixin.py:188} INFO - [2025-08-28T07:56:06.848+0000] {dag.py:3036} INFO - Sync 1 DAGs
[2025-08-28T07:56:07.191+0000] {logging_mixin.py:188} INFO - [2025-08-28T07:56:07.187+0000] {dag.py:3823} INFO - Setting next_dagrun for poc_pipeline to 2025-08-27 00:00:00+00:00, run_after=2025-08-28 00:00:00+00:00
[2025-08-28T07:56:07.330+0000] {processor.py:183} INFO - Processing /opt/airflow/dags/poc_pipeline.py took 1.316 seconds
[2025-08-28T07:56:37.775+0000] {processor.py:161} INFO - Started process (PID=230) to work on /opt/airflow/dags/poc_pipeline.py
[2025-08-28T07:56:37.779+0000] {processor.py:830} INFO - Processing file /opt/airflow/dags/poc_pipeline.py for tasks to queue
[2025-08-28T07:56:37.782+0000] {logging_mixin.py:188} INFO - [2025-08-28T07:56:37.781+0000] {dagbag.py:538} INFO - Filling up the DagBag from /opt/airflow/dags/poc_pipeline.py
[2025-08-28T07:56:37.868+0000] {processor.py:840} INFO - DAG(s) 'poc_pipeline' retrieved from /opt/airflow/dags/poc_pipeline.py
[2025-08-28T07:56:38.018+0000] {logging_mixin.py:188} INFO - [2025-08-28T07:56:38.017+0000] {dag.py:3036} INFO - Sync 1 DAGs
[2025-08-28T07:56:38.126+0000] {logging_mixin.py:188} INFO - [2025-08-28T07:56:38.126+0000] {dag.py:3823} INFO - Setting next_dagrun for poc_pipeline to 2025-08-27 00:00:00+00:00, run_after=2025-08-28 00:00:00+00:00
[2025-08-28T07:56:38.160+0000] {processor.py:183} INFO - Processing /opt/airflow/dags/poc_pipeline.py took 0.394 seconds
[2025-08-28T07:57:08.982+0000] {processor.py:161} INFO - Started process (PID=240) to work on /opt/airflow/dags/poc_pipeline.py
[2025-08-28T07:57:08.987+0000] {processor.py:830} INFO - Processing file /opt/airflow/dags/poc_pipeline.py for tasks to queue
[2025-08-28T07:57:08.990+0000] {logging_mixin.py:188} INFO - [2025-08-28T07:57:08.989+0000] {dagbag.py:538} INFO - Filling up the DagBag from /opt/airflow/dags/poc_pipeline.py
[2025-08-28T07:57:09.047+0000] {processor.py:840} INFO - DAG(s) 'poc_pipeline' retrieved from /opt/airflow/dags/poc_pipeline.py
[2025-08-28T07:57:09.154+0000] {logging_mixin.py:188} INFO - [2025-08-28T07:57:09.154+0000] {dag.py:3036} INFO - Sync 1 DAGs
[2025-08-28T07:57:09.207+0000] {logging_mixin.py:188} INFO - [2025-08-28T07:57:09.206+0000] {dag.py:3823} INFO - Setting next_dagrun for poc_pipeline to 2025-08-27 00:00:00+00:00, run_after=2025-08-28 00:00:00+00:00
[2025-08-28T07:57:09.240+0000] {processor.py:183} INFO - Processing /opt/airflow/dags/poc_pipeline.py took 0.275 seconds
[2025-08-28T07:57:39.824+0000] {processor.py:161} INFO - Started process (PID=250) to work on /opt/airflow/dags/poc_pipeline.py
[2025-08-28T07:57:39.828+0000] {processor.py:830} INFO - Processing file /opt/airflow/dags/poc_pipeline.py for tasks to queue
[2025-08-28T07:57:39.832+0000] {logging_mixin.py:188} INFO - [2025-08-28T07:57:39.831+0000] {dagbag.py:538} INFO - Filling up the DagBag from /opt/airflow/dags/poc_pipeline.py
[2025-08-28T07:57:39.891+0000] {processor.py:840} INFO - DAG(s) 'poc_pipeline' retrieved from /opt/airflow/dags/poc_pipeline.py
[2025-08-28T07:57:39.997+0000] {logging_mixin.py:188} INFO - [2025-08-28T07:57:39.996+0000] {dag.py:3036} INFO - Sync 1 DAGs
[2025-08-28T07:57:40.071+0000] {logging_mixin.py:188} INFO - [2025-08-28T07:57:40.071+0000] {dag.py:3823} INFO - Setting next_dagrun for poc_pipeline to 2025-08-27 00:00:00+00:00, run_after=2025-08-28 00:00:00+00:00
[2025-08-28T07:57:40.123+0000] {processor.py:183} INFO - Processing /opt/airflow/dags/poc_pipeline.py took 0.311 seconds
[2025-08-28T07:58:10.742+0000] {processor.py:161} INFO - Started process (PID=259) to work on /opt/airflow/dags/poc_pipeline.py
[2025-08-28T07:58:10.747+0000] {processor.py:830} INFO - Processing file /opt/airflow/dags/poc_pipeline.py for tasks to queue
[2025-08-28T07:58:10.750+0000] {logging_mixin.py:188} INFO - [2025-08-28T07:58:10.749+0000] {dagbag.py:538} INFO - Filling up the DagBag from /opt/airflow/dags/poc_pipeline.py
[2025-08-28T07:58:10.794+0000] {processor.py:840} INFO - DAG(s) 'poc_pipeline' retrieved from /opt/airflow/dags/poc_pipeline.py
[2025-08-28T07:58:10.907+0000] {logging_mixin.py:188} INFO - [2025-08-28T07:58:10.907+0000] {dag.py:3036} INFO - Sync 1 DAGs
[2025-08-28T07:58:10.963+0000] {logging_mixin.py:188} INFO - [2025-08-28T07:58:10.962+0000] {dag.py:3823} INFO - Setting next_dagrun for poc_pipeline to 2025-08-27 00:00:00+00:00, run_after=2025-08-28 00:00:00+00:00
[2025-08-28T07:58:10.994+0000] {processor.py:183} INFO - Processing /opt/airflow/dags/poc_pipeline.py took 0.265 seconds
[2025-08-28T07:58:41.193+0000] {processor.py:161} INFO - Started process (PID=269) to work on /opt/airflow/dags/poc_pipeline.py
[2025-08-28T07:58:41.204+0000] {processor.py:830} INFO - Processing file /opt/airflow/dags/poc_pipeline.py for tasks to queue
[2025-08-28T07:58:41.212+0000] {logging_mixin.py:188} INFO - [2025-08-28T07:58:41.209+0000] {dagbag.py:538} INFO - Filling up the DagBag from /opt/airflow/dags/poc_pipeline.py
[2025-08-28T07:58:41.320+0000] {processor.py:840} INFO - DAG(s) 'poc_pipeline' retrieved from /opt/airflow/dags/poc_pipeline.py
[2025-08-28T07:58:41.570+0000] {logging_mixin.py:188} INFO - [2025-08-28T07:58:41.570+0000] {dag.py:3036} INFO - Sync 1 DAGs
[2025-08-28T07:58:41.661+0000] {logging_mixin.py:188} INFO - [2025-08-28T07:58:41.661+0000] {dag.py:3823} INFO - Setting next_dagrun for poc_pipeline to 2025-08-27 00:00:00+00:00, run_after=2025-08-28 00:00:00+00:00
[2025-08-28T07:58:41.727+0000] {processor.py:183} INFO - Processing /opt/airflow/dags/poc_pipeline.py took 0.554 seconds
[2025-08-28T08:04:30.253+0000] {processor.py:161} INFO - Started process (PID=170) to work on /opt/airflow/dags/poc_pipeline.py
[2025-08-28T08:04:30.268+0000] {processor.py:830} INFO - Processing file /opt/airflow/dags/poc_pipeline.py for tasks to queue
[2025-08-28T08:04:30.281+0000] {logging_mixin.py:188} INFO - [2025-08-28T08:04:30.277+0000] {dagbag.py:538} INFO - Filling up the DagBag from /opt/airflow/dags/poc_pipeline.py
[2025-08-28T08:04:30.407+0000] {processor.py:840} INFO - DAG(s) 'poc_pipeline' retrieved from /opt/airflow/dags/poc_pipeline.py
[2025-08-28T08:04:31.582+0000] {logging_mixin.py:188} INFO - [2025-08-28T08:04:31.579+0000] {dag.py:3036} INFO - Sync 1 DAGs
[2025-08-28T08:04:31.780+0000] {logging_mixin.py:188} INFO - [2025-08-28T08:04:31.778+0000] {dag.py:3823} INFO - Setting next_dagrun for poc_pipeline to 2025-08-27 00:00:00+00:00, run_after=2025-08-28 00:00:00+00:00
[2025-08-28T08:04:31.893+0000] {processor.py:183} INFO - Processing /opt/airflow/dags/poc_pipeline.py took 1.678 seconds
[2025-08-28T08:05:03.098+0000] {processor.py:161} INFO - Started process (PID=180) to work on /opt/airflow/dags/poc_pipeline.py
[2025-08-28T08:05:03.109+0000] {processor.py:830} INFO - Processing file /opt/airflow/dags/poc_pipeline.py for tasks to queue
[2025-08-28T08:05:03.122+0000] {logging_mixin.py:188} INFO - [2025-08-28T08:05:03.122+0000] {dagbag.py:538} INFO - Filling up the DagBag from /opt/airflow/dags/poc_pipeline.py
[2025-08-28T08:05:03.272+0000] {processor.py:840} INFO - DAG(s) 'poc_pipeline' retrieved from /opt/airflow/dags/poc_pipeline.py
[2025-08-28T08:05:03.593+0000] {logging_mixin.py:188} INFO - [2025-08-28T08:05:03.592+0000] {dag.py:3036} INFO - Sync 1 DAGs
[2025-08-28T08:05:03.821+0000] {logging_mixin.py:188} INFO - [2025-08-28T08:05:03.818+0000] {dag.py:3823} INFO - Setting next_dagrun for poc_pipeline to 2025-08-27 00:00:00+00:00, run_after=2025-08-28 00:00:00+00:00
[2025-08-28T08:05:04.023+0000] {processor.py:183} INFO - Processing /opt/airflow/dags/poc_pipeline.py took 0.952 seconds
[2025-08-28T08:05:36.059+0000] {processor.py:161} INFO - Started process (PID=190) to work on /opt/airflow/dags/poc_pipeline.py
[2025-08-28T08:05:36.106+0000] {processor.py:830} INFO - Processing file /opt/airflow/dags/poc_pipeline.py for tasks to queue
[2025-08-28T08:05:36.135+0000] {logging_mixin.py:188} INFO - [2025-08-28T08:05:36.118+0000] {dagbag.py:538} INFO - Filling up the DagBag from /opt/airflow/dags/poc_pipeline.py
[2025-08-28T08:05:37.112+0000] {processor.py:840} INFO - DAG(s) 'poc_pipeline' retrieved from /opt/airflow/dags/poc_pipeline.py
[2025-08-28T08:05:37.667+0000] {logging_mixin.py:188} INFO - [2025-08-28T08:05:37.665+0000] {dag.py:3036} INFO - Sync 1 DAGs
[2025-08-28T08:05:37.862+0000] {logging_mixin.py:188} INFO - [2025-08-28T08:05:37.861+0000] {dag.py:3823} INFO - Setting next_dagrun for poc_pipeline to 2025-08-27 00:00:00+00:00, run_after=2025-08-28 00:00:00+00:00
[2025-08-28T08:05:38.061+0000] {processor.py:183} INFO - Processing /opt/airflow/dags/poc_pipeline.py took 2.126 seconds
[2025-08-28T08:06:09.230+0000] {processor.py:161} INFO - Started process (PID=200) to work on /opt/airflow/dags/poc_pipeline.py
[2025-08-28T08:06:09.257+0000] {processor.py:830} INFO - Processing file /opt/airflow/dags/poc_pipeline.py for tasks to queue
[2025-08-28T08:06:09.268+0000] {logging_mixin.py:188} INFO - [2025-08-28T08:06:09.264+0000] {dagbag.py:538} INFO - Filling up the DagBag from /opt/airflow/dags/poc_pipeline.py
[2025-08-28T08:06:09.543+0000] {processor.py:840} INFO - DAG(s) 'poc_pipeline' retrieved from /opt/airflow/dags/poc_pipeline.py
[2025-08-28T08:06:09.882+0000] {logging_mixin.py:188} INFO - [2025-08-28T08:06:09.879+0000] {dag.py:3036} INFO - Sync 1 DAGs
[2025-08-28T08:06:09.996+0000] {logging_mixin.py:188} INFO - [2025-08-28T08:06:09.996+0000] {dag.py:3823} INFO - Setting next_dagrun for poc_pipeline to 2025-08-27 00:00:00+00:00, run_after=2025-08-28 00:00:00+00:00
[2025-08-28T08:06:10.083+0000] {processor.py:183} INFO - Processing /opt/airflow/dags/poc_pipeline.py took 0.993 seconds
[2025-08-28T08:06:40.977+0000] {processor.py:161} INFO - Started process (PID=209) to work on /opt/airflow/dags/poc_pipeline.py
[2025-08-28T08:06:40.984+0000] {processor.py:830} INFO - Processing file /opt/airflow/dags/poc_pipeline.py for tasks to queue
[2025-08-28T08:06:40.986+0000] {logging_mixin.py:188} INFO - [2025-08-28T08:06:40.985+0000] {dagbag.py:538} INFO - Filling up the DagBag from /opt/airflow/dags/poc_pipeline.py
[2025-08-28T08:06:41.077+0000] {processor.py:840} INFO - DAG(s) 'poc_pipeline' retrieved from /opt/airflow/dags/poc_pipeline.py
[2025-08-28T08:06:41.200+0000] {logging_mixin.py:188} INFO - [2025-08-28T08:06:41.200+0000] {dag.py:3036} INFO - Sync 1 DAGs
[2025-08-28T08:06:41.254+0000] {logging_mixin.py:188} INFO - [2025-08-28T08:06:41.254+0000] {dag.py:3823} INFO - Setting next_dagrun for poc_pipeline to 2025-08-27 00:00:00+00:00, run_after=2025-08-28 00:00:00+00:00
[2025-08-28T08:06:41.289+0000] {processor.py:183} INFO - Processing /opt/airflow/dags/poc_pipeline.py took 0.331 seconds
[2025-08-28T08:07:11.941+0000] {processor.py:161} INFO - Started process (PID=219) to work on /opt/airflow/dags/poc_pipeline.py
[2025-08-28T08:07:11.975+0000] {processor.py:830} INFO - Processing file /opt/airflow/dags/poc_pipeline.py for tasks to queue
[2025-08-28T08:07:11.992+0000] {logging_mixin.py:188} INFO - [2025-08-28T08:07:11.985+0000] {dagbag.py:538} INFO - Filling up the DagBag from /opt/airflow/dags/poc_pipeline.py
[2025-08-28T08:07:12.874+0000] {processor.py:840} INFO - DAG(s) 'poc_pipeline' retrieved from /opt/airflow/dags/poc_pipeline.py
[2025-08-28T08:07:13.229+0000] {logging_mixin.py:188} INFO - [2025-08-28T08:07:13.220+0000] {dag.py:3036} INFO - Sync 1 DAGs
[2025-08-28T08:07:13.439+0000] {logging_mixin.py:188} INFO - [2025-08-28T08:07:13.437+0000] {dag.py:3823} INFO - Setting next_dagrun for poc_pipeline to 2025-08-27 00:00:00+00:00, run_after=2025-08-28 00:00:00+00:00
[2025-08-28T08:07:13.499+0000] {processor.py:183} INFO - Processing /opt/airflow/dags/poc_pipeline.py took 1.650 seconds
[2025-08-28T08:07:43.965+0000] {processor.py:161} INFO - Started process (PID=230) to work on /opt/airflow/dags/poc_pipeline.py
[2025-08-28T08:07:43.980+0000] {processor.py:830} INFO - Processing file /opt/airflow/dags/poc_pipeline.py for tasks to queue
[2025-08-28T08:07:43.992+0000] {logging_mixin.py:188} INFO - [2025-08-28T08:07:43.986+0000] {dagbag.py:538} INFO - Filling up the DagBag from /opt/airflow/dags/poc_pipeline.py
[2025-08-28T08:07:44.197+0000] {processor.py:840} INFO - DAG(s) 'poc_pipeline' retrieved from /opt/airflow/dags/poc_pipeline.py
[2025-08-28T08:07:44.559+0000] {logging_mixin.py:188} INFO - [2025-08-28T08:07:44.558+0000] {dag.py:3036} INFO - Sync 1 DAGs
[2025-08-28T08:07:44.713+0000] {logging_mixin.py:188} INFO - [2025-08-28T08:07:44.712+0000] {dag.py:3823} INFO - Setting next_dagrun for poc_pipeline to 2025-08-27 00:00:00+00:00, run_after=2025-08-28 00:00:00+00:00
[2025-08-28T08:07:44.793+0000] {processor.py:183} INFO - Processing /opt/airflow/dags/poc_pipeline.py took 0.840 seconds
[2025-08-28T08:08:15.932+0000] {processor.py:161} INFO - Started process (PID=240) to work on /opt/airflow/dags/poc_pipeline.py
[2025-08-28T08:08:15.943+0000] {processor.py:830} INFO - Processing file /opt/airflow/dags/poc_pipeline.py for tasks to queue
[2025-08-28T08:08:15.956+0000] {logging_mixin.py:188} INFO - [2025-08-28T08:08:15.952+0000] {dagbag.py:538} INFO - Filling up the DagBag from /opt/airflow/dags/poc_pipeline.py
[2025-08-28T08:08:16.194+0000] {processor.py:840} INFO - DAG(s) 'poc_pipeline' retrieved from /opt/airflow/dags/poc_pipeline.py
[2025-08-28T08:08:16.782+0000] {logging_mixin.py:188} INFO - [2025-08-28T08:08:16.780+0000] {dag.py:3036} INFO - Sync 1 DAGs
[2025-08-28T08:08:17.391+0000] {logging_mixin.py:188} INFO - [2025-08-28T08:08:17.390+0000] {dag.py:3823} INFO - Setting next_dagrun for poc_pipeline to 2025-08-27 00:00:00+00:00, run_after=2025-08-28 00:00:00+00:00
[2025-08-28T08:08:17.570+0000] {processor.py:183} INFO - Processing /opt/airflow/dags/poc_pipeline.py took 1.684 seconds
[2025-08-28T08:08:48.375+0000] {processor.py:161} INFO - Started process (PID=250) to work on /opt/airflow/dags/poc_pipeline.py
[2025-08-28T08:08:48.401+0000] {processor.py:830} INFO - Processing file /opt/airflow/dags/poc_pipeline.py for tasks to queue
[2025-08-28T08:08:48.465+0000] {logging_mixin.py:188} INFO - [2025-08-28T08:08:48.452+0000] {dagbag.py:538} INFO - Filling up the DagBag from /opt/airflow/dags/poc_pipeline.py
[2025-08-28T08:08:48.886+0000] {processor.py:840} INFO - DAG(s) 'poc_pipeline' retrieved from /opt/airflow/dags/poc_pipeline.py
[2025-08-28T08:08:49.148+0000] {logging_mixin.py:188} INFO - [2025-08-28T08:08:49.146+0000] {dag.py:3036} INFO - Sync 1 DAGs
[2025-08-28T08:08:49.288+0000] {logging_mixin.py:188} INFO - [2025-08-28T08:08:49.288+0000] {dag.py:3823} INFO - Setting next_dagrun for poc_pipeline to 2025-08-27 00:00:00+00:00, run_after=2025-08-28 00:00:00+00:00
[2025-08-28T08:08:49.345+0000] {processor.py:183} INFO - Processing /opt/airflow/dags/poc_pipeline.py took 1.108 seconds
[2025-08-28T08:09:20.441+0000] {processor.py:161} INFO - Started process (PID=260) to work on /opt/airflow/dags/poc_pipeline.py
[2025-08-28T08:09:20.454+0000] {processor.py:830} INFO - Processing file /opt/airflow/dags/poc_pipeline.py for tasks to queue
[2025-08-28T08:09:20.458+0000] {logging_mixin.py:188} INFO - [2025-08-28T08:09:20.458+0000] {dagbag.py:538} INFO - Filling up the DagBag from /opt/airflow/dags/poc_pipeline.py
[2025-08-28T08:09:20.575+0000] {processor.py:840} INFO - DAG(s) 'poc_pipeline' retrieved from /opt/airflow/dags/poc_pipeline.py
[2025-08-28T08:09:20.740+0000] {logging_mixin.py:188} INFO - [2025-08-28T08:09:20.739+0000] {dag.py:3036} INFO - Sync 1 DAGs
[2025-08-28T08:09:20.893+0000] {logging_mixin.py:188} INFO - [2025-08-28T08:09:20.892+0000] {dag.py:3823} INFO - Setting next_dagrun for poc_pipeline to 2025-08-27 00:00:00+00:00, run_after=2025-08-28 00:00:00+00:00
[2025-08-28T08:09:21.000+0000] {processor.py:183} INFO - Processing /opt/airflow/dags/poc_pipeline.py took 0.582 seconds
[2025-08-28T08:10:02.002+0000] {processor.py:161} INFO - Started process (PID=270) to work on /opt/airflow/dags/poc_pipeline.py
[2025-08-28T08:10:02.018+0000] {processor.py:830} INFO - Processing file /opt/airflow/dags/poc_pipeline.py for tasks to queue
[2025-08-28T08:10:02.026+0000] {logging_mixin.py:188} INFO - [2025-08-28T08:10:02.024+0000] {dagbag.py:538} INFO - Filling up the DagBag from /opt/airflow/dags/poc_pipeline.py
[2025-08-28T08:10:02.563+0000] {processor.py:840} INFO - DAG(s) 'poc_pipeline' retrieved from /opt/airflow/dags/poc_pipeline.py
[2025-08-28T08:10:03.276+0000] {logging_mixin.py:188} INFO - [2025-08-28T08:10:03.272+0000] {dag.py:3036} INFO - Sync 1 DAGs
[2025-08-28T08:10:03.459+0000] {logging_mixin.py:188} INFO - [2025-08-28T08:10:03.457+0000] {dag.py:3823} INFO - Setting next_dagrun for poc_pipeline to 2025-08-27 00:00:00+00:00, run_after=2025-08-28 00:00:00+00:00
[2025-08-28T08:10:03.576+0000] {processor.py:183} INFO - Processing /opt/airflow/dags/poc_pipeline.py took 1.633 seconds
[2025-08-28T08:10:34.794+0000] {processor.py:161} INFO - Started process (PID=279) to work on /opt/airflow/dags/poc_pipeline.py
[2025-08-28T08:10:34.881+0000] {processor.py:830} INFO - Processing file /opt/airflow/dags/poc_pipeline.py for tasks to queue
[2025-08-28T08:10:34.924+0000] {logging_mixin.py:188} INFO - [2025-08-28T08:10:34.900+0000] {dagbag.py:538} INFO - Filling up the DagBag from /opt/airflow/dags/poc_pipeline.py
[2025-08-28T08:10:35.505+0000] {processor.py:840} INFO - DAG(s) 'poc_pipeline' retrieved from /opt/airflow/dags/poc_pipeline.py
[2025-08-28T08:10:40.624+0000] {logging_mixin.py:188} INFO - [2025-08-28T08:10:40.574+0000] {dag.py:3036} INFO - Sync 1 DAGs
[2025-08-28T08:10:41.731+0000] {logging_mixin.py:188} INFO - [2025-08-28T08:10:41.729+0000] {dag.py:3823} INFO - Setting next_dagrun for poc_pipeline to 2025-08-27 00:00:00+00:00, run_after=2025-08-28 00:00:00+00:00
[2025-08-28T08:10:41.952+0000] {processor.py:183} INFO - Processing /opt/airflow/dags/poc_pipeline.py took 7.332 seconds
[2025-08-28T08:11:13.037+0000] {processor.py:161} INFO - Started process (PID=290) to work on /opt/airflow/dags/poc_pipeline.py
[2025-08-28T08:11:13.046+0000] {processor.py:830} INFO - Processing file /opt/airflow/dags/poc_pipeline.py for tasks to queue
[2025-08-28T08:11:13.053+0000] {logging_mixin.py:188} INFO - [2025-08-28T08:11:13.049+0000] {dagbag.py:538} INFO - Filling up the DagBag from /opt/airflow/dags/poc_pipeline.py
[2025-08-28T08:11:13.272+0000] {processor.py:840} INFO - DAG(s) 'poc_pipeline' retrieved from /opt/airflow/dags/poc_pipeline.py
[2025-08-28T08:11:13.488+0000] {logging_mixin.py:188} INFO - [2025-08-28T08:11:13.487+0000] {dag.py:3036} INFO - Sync 1 DAGs
[2025-08-28T08:11:13.590+0000] {logging_mixin.py:188} INFO - [2025-08-28T08:11:13.589+0000] {dag.py:3823} INFO - Setting next_dagrun for poc_pipeline to 2025-08-27 00:00:00+00:00, run_after=2025-08-28 00:00:00+00:00
[2025-08-28T08:11:13.720+0000] {processor.py:183} INFO - Processing /opt/airflow/dags/poc_pipeline.py took 0.750 seconds
[2025-08-28T08:11:44.448+0000] {processor.py:161} INFO - Started process (PID=300) to work on /opt/airflow/dags/poc_pipeline.py
[2025-08-28T08:11:44.451+0000] {processor.py:830} INFO - Processing file /opt/airflow/dags/poc_pipeline.py for tasks to queue
[2025-08-28T08:11:44.453+0000] {logging_mixin.py:188} INFO - [2025-08-28T08:11:44.452+0000] {dagbag.py:538} INFO - Filling up the DagBag from /opt/airflow/dags/poc_pipeline.py
[2025-08-28T08:11:44.518+0000] {processor.py:840} INFO - DAG(s) 'poc_pipeline' retrieved from /opt/airflow/dags/poc_pipeline.py
[2025-08-28T08:11:44.644+0000] {logging_mixin.py:188} INFO - [2025-08-28T08:11:44.644+0000] {dag.py:3036} INFO - Sync 1 DAGs
[2025-08-28T08:11:44.680+0000] {logging_mixin.py:188} INFO - [2025-08-28T08:11:44.680+0000] {dag.py:3823} INFO - Setting next_dagrun for poc_pipeline to 2025-08-27 00:00:00+00:00, run_after=2025-08-28 00:00:00+00:00
[2025-08-28T08:11:44.715+0000] {processor.py:183} INFO - Processing /opt/airflow/dags/poc_pipeline.py took 0.285 seconds
[2025-08-28T08:12:15.811+0000] {processor.py:161} INFO - Started process (PID=309) to work on /opt/airflow/dags/poc_pipeline.py
[2025-08-28T08:12:15.814+0000] {processor.py:830} INFO - Processing file /opt/airflow/dags/poc_pipeline.py for tasks to queue
[2025-08-28T08:12:15.817+0000] {logging_mixin.py:188} INFO - [2025-08-28T08:12:15.817+0000] {dagbag.py:538} INFO - Filling up the DagBag from /opt/airflow/dags/poc_pipeline.py
[2025-08-28T08:12:15.896+0000] {processor.py:840} INFO - DAG(s) 'poc_pipeline' retrieved from /opt/airflow/dags/poc_pipeline.py
[2025-08-28T08:12:16.028+0000] {logging_mixin.py:188} INFO - [2025-08-28T08:12:16.027+0000] {dag.py:3036} INFO - Sync 1 DAGs
[2025-08-28T08:12:16.185+0000] {logging_mixin.py:188} INFO - [2025-08-28T08:12:16.185+0000] {dag.py:3823} INFO - Setting next_dagrun for poc_pipeline to 2025-08-27 00:00:00+00:00, run_after=2025-08-28 00:00:00+00:00
[2025-08-28T08:12:16.250+0000] {processor.py:183} INFO - Processing /opt/airflow/dags/poc_pipeline.py took 0.473 seconds
[2025-08-28T08:12:46.530+0000] {processor.py:161} INFO - Started process (PID=319) to work on /opt/airflow/dags/poc_pipeline.py
[2025-08-28T08:12:46.542+0000] {processor.py:830} INFO - Processing file /opt/airflow/dags/poc_pipeline.py for tasks to queue
[2025-08-28T08:12:46.547+0000] {logging_mixin.py:188} INFO - [2025-08-28T08:12:46.547+0000] {dagbag.py:538} INFO - Filling up the DagBag from /opt/airflow/dags/poc_pipeline.py
[2025-08-28T08:12:46.610+0000] {processor.py:840} INFO - DAG(s) 'poc_pipeline' retrieved from /opt/airflow/dags/poc_pipeline.py
[2025-08-28T08:12:46.718+0000] {logging_mixin.py:188} INFO - [2025-08-28T08:12:46.718+0000] {dag.py:3036} INFO - Sync 1 DAGs
[2025-08-28T08:12:46.760+0000] {logging_mixin.py:188} INFO - [2025-08-28T08:12:46.759+0000] {dag.py:3823} INFO - Setting next_dagrun for poc_pipeline to 2025-08-27 00:00:00+00:00, run_after=2025-08-28 00:00:00+00:00
[2025-08-28T08:12:46.788+0000] {processor.py:183} INFO - Processing /opt/airflow/dags/poc_pipeline.py took 0.281 seconds
[2025-08-28T08:13:17.788+0000] {processor.py:161} INFO - Started process (PID=329) to work on /opt/airflow/dags/poc_pipeline.py
[2025-08-28T08:13:17.795+0000] {processor.py:830} INFO - Processing file /opt/airflow/dags/poc_pipeline.py for tasks to queue
[2025-08-28T08:13:17.798+0000] {logging_mixin.py:188} INFO - [2025-08-28T08:13:17.797+0000] {dagbag.py:538} INFO - Filling up the DagBag from /opt/airflow/dags/poc_pipeline.py
[2025-08-28T08:13:17.838+0000] {processor.py:840} INFO - DAG(s) 'poc_pipeline' retrieved from /opt/airflow/dags/poc_pipeline.py
[2025-08-28T08:13:17.922+0000] {logging_mixin.py:188} INFO - [2025-08-28T08:13:17.922+0000] {dag.py:3036} INFO - Sync 1 DAGs
[2025-08-28T08:13:17.970+0000] {logging_mixin.py:188} INFO - [2025-08-28T08:13:17.970+0000] {dag.py:3823} INFO - Setting next_dagrun for poc_pipeline to 2025-08-27 00:00:00+00:00, run_after=2025-08-28 00:00:00+00:00
[2025-08-28T08:13:18.003+0000] {processor.py:183} INFO - Processing /opt/airflow/dags/poc_pipeline.py took 0.232 seconds
[2025-08-28T08:13:48.747+0000] {processor.py:161} INFO - Started process (PID=339) to work on /opt/airflow/dags/poc_pipeline.py
[2025-08-28T08:13:48.752+0000] {processor.py:830} INFO - Processing file /opt/airflow/dags/poc_pipeline.py for tasks to queue
[2025-08-28T08:13:48.759+0000] {logging_mixin.py:188} INFO - [2025-08-28T08:13:48.759+0000] {dagbag.py:538} INFO - Filling up the DagBag from /opt/airflow/dags/poc_pipeline.py
[2025-08-28T08:13:48.835+0000] {processor.py:840} INFO - DAG(s) 'poc_pipeline' retrieved from /opt/airflow/dags/poc_pipeline.py
[2025-08-28T08:13:48.955+0000] {logging_mixin.py:188} INFO - [2025-08-28T08:13:48.955+0000] {dag.py:3036} INFO - Sync 1 DAGs
[2025-08-28T08:13:49.009+0000] {logging_mixin.py:188} INFO - [2025-08-28T08:13:49.009+0000] {dag.py:3823} INFO - Setting next_dagrun for poc_pipeline to 2025-08-27 00:00:00+00:00, run_after=2025-08-28 00:00:00+00:00
[2025-08-28T08:13:49.060+0000] {processor.py:183} INFO - Processing /opt/airflow/dags/poc_pipeline.py took 0.325 seconds
[2025-08-28T08:14:20.127+0000] {processor.py:161} INFO - Started process (PID=350) to work on /opt/airflow/dags/poc_pipeline.py
[2025-08-28T08:14:20.168+0000] {processor.py:830} INFO - Processing file /opt/airflow/dags/poc_pipeline.py for tasks to queue
[2025-08-28T08:14:20.189+0000] {logging_mixin.py:188} INFO - [2025-08-28T08:14:20.182+0000] {dagbag.py:538} INFO - Filling up the DagBag from /opt/airflow/dags/poc_pipeline.py
[2025-08-28T08:14:20.386+0000] {processor.py:840} INFO - DAG(s) 'poc_pipeline' retrieved from /opt/airflow/dags/poc_pipeline.py
[2025-08-28T08:14:20.661+0000] {logging_mixin.py:188} INFO - [2025-08-28T08:14:20.659+0000] {dag.py:3036} INFO - Sync 1 DAGs
[2025-08-28T08:14:20.775+0000] {logging_mixin.py:188} INFO - [2025-08-28T08:14:20.774+0000] {dag.py:3823} INFO - Setting next_dagrun for poc_pipeline to 2025-08-27 00:00:00+00:00, run_after=2025-08-28 00:00:00+00:00
[2025-08-28T08:14:20.852+0000] {processor.py:183} INFO - Processing /opt/airflow/dags/poc_pipeline.py took 0.830 seconds
[2025-08-28T08:15:07.665+0000] {processor.py:161} INFO - Started process (PID=360) to work on /opt/airflow/dags/poc_pipeline.py
[2025-08-28T08:15:07.827+0000] {processor.py:830} INFO - Processing file /opt/airflow/dags/poc_pipeline.py for tasks to queue
[2025-08-28T08:15:07.866+0000] {logging_mixin.py:188} INFO - [2025-08-28T08:15:07.865+0000] {dagbag.py:538} INFO - Filling up the DagBag from /opt/airflow/dags/poc_pipeline.py
[2025-08-28T08:15:09.537+0000] {processor.py:840} INFO - DAG(s) 'poc_pipeline' retrieved from /opt/airflow/dags/poc_pipeline.py
[2025-08-28T08:15:12.731+0000] {logging_mixin.py:188} INFO - [2025-08-28T08:15:12.615+0000] {dag.py:3036} INFO - Sync 1 DAGs
[2025-08-28T08:15:14.451+0000] {logging_mixin.py:188} INFO - [2025-08-28T08:15:14.415+0000] {dag.py:3823} INFO - Setting next_dagrun for poc_pipeline to 2025-08-27 00:00:00+00:00, run_after=2025-08-28 00:00:00+00:00
[2025-08-28T08:15:15.268+0000] {processor.py:183} INFO - Processing /opt/airflow/dags/poc_pipeline.py took 7.970 seconds
[2025-08-28T08:15:46.746+0000] {processor.py:161} INFO - Started process (PID=369) to work on /opt/airflow/dags/poc_pipeline.py
[2025-08-28T08:15:46.766+0000] {processor.py:830} INFO - Processing file /opt/airflow/dags/poc_pipeline.py for tasks to queue
[2025-08-28T08:15:46.780+0000] {logging_mixin.py:188} INFO - [2025-08-28T08:15:46.776+0000] {dagbag.py:538} INFO - Filling up the DagBag from /opt/airflow/dags/poc_pipeline.py
[2025-08-28T08:15:46.954+0000] {processor.py:840} INFO - DAG(s) 'poc_pipeline' retrieved from /opt/airflow/dags/poc_pipeline.py
[2025-08-28T08:15:47.252+0000] {logging_mixin.py:188} INFO - [2025-08-28T08:15:47.251+0000] {dag.py:3036} INFO - Sync 1 DAGs
[2025-08-28T08:15:47.448+0000] {logging_mixin.py:188} INFO - [2025-08-28T08:15:47.448+0000] {dag.py:3823} INFO - Setting next_dagrun for poc_pipeline to 2025-08-27 00:00:00+00:00, run_after=2025-08-28 00:00:00+00:00
[2025-08-28T08:15:47.525+0000] {processor.py:183} INFO - Processing /opt/airflow/dags/poc_pipeline.py took 0.837 seconds
[2025-08-28T08:16:18.086+0000] {processor.py:161} INFO - Started process (PID=379) to work on /opt/airflow/dags/poc_pipeline.py
[2025-08-28T08:16:18.099+0000] {processor.py:830} INFO - Processing file /opt/airflow/dags/poc_pipeline.py for tasks to queue
[2025-08-28T08:16:18.104+0000] {logging_mixin.py:188} INFO - [2025-08-28T08:16:18.103+0000] {dagbag.py:538} INFO - Filling up the DagBag from /opt/airflow/dags/poc_pipeline.py
[2025-08-28T08:16:18.197+0000] {processor.py:840} INFO - DAG(s) 'poc_pipeline' retrieved from /opt/airflow/dags/poc_pipeline.py
[2025-08-28T08:16:20.354+0000] {logging_mixin.py:188} INFO - [2025-08-28T08:16:20.350+0000] {dag.py:3036} INFO - Sync 1 DAGs
[2025-08-28T08:16:20.650+0000] {logging_mixin.py:188} INFO - [2025-08-28T08:16:20.649+0000] {dag.py:3823} INFO - Setting next_dagrun for poc_pipeline to 2025-08-27 00:00:00+00:00, run_after=2025-08-28 00:00:00+00:00
[2025-08-28T08:16:20.767+0000] {processor.py:183} INFO - Processing /opt/airflow/dags/poc_pipeline.py took 2.702 seconds
[2025-08-28T08:16:53.023+0000] {processor.py:161} INFO - Started process (PID=388) to work on /opt/airflow/dags/poc_pipeline.py
[2025-08-28T08:16:53.058+0000] {processor.py:830} INFO - Processing file /opt/airflow/dags/poc_pipeline.py for tasks to queue
[2025-08-28T08:16:53.075+0000] {logging_mixin.py:188} INFO - [2025-08-28T08:16:53.070+0000] {dagbag.py:538} INFO - Filling up the DagBag from /opt/airflow/dags/poc_pipeline.py
[2025-08-28T08:16:53.602+0000] {processor.py:840} INFO - DAG(s) 'poc_pipeline' retrieved from /opt/airflow/dags/poc_pipeline.py
[2025-08-28T08:16:55.126+0000] {logging_mixin.py:188} INFO - [2025-08-28T08:16:55.116+0000] {dag.py:3036} INFO - Sync 1 DAGs
[2025-08-28T08:16:55.275+0000] {logging_mixin.py:188} INFO - [2025-08-28T08:16:55.275+0000] {dag.py:3823} INFO - Setting next_dagrun for poc_pipeline to 2025-08-27 00:00:00+00:00, run_after=2025-08-28 00:00:00+00:00
[2025-08-28T08:16:55.380+0000] {processor.py:183} INFO - Processing /opt/airflow/dags/poc_pipeline.py took 2.573 seconds
[2025-08-28T08:17:25.732+0000] {processor.py:161} INFO - Started process (PID=400) to work on /opt/airflow/dags/poc_pipeline.py
[2025-08-28T08:17:25.735+0000] {processor.py:830} INFO - Processing file /opt/airflow/dags/poc_pipeline.py for tasks to queue
[2025-08-28T08:17:25.741+0000] {logging_mixin.py:188} INFO - [2025-08-28T08:17:25.738+0000] {dagbag.py:538} INFO - Filling up the DagBag from /opt/airflow/dags/poc_pipeline.py
[2025-08-28T08:17:25.813+0000] {processor.py:840} INFO - DAG(s) 'poc_pipeline' retrieved from /opt/airflow/dags/poc_pipeline.py
[2025-08-28T08:17:26.046+0000] {logging_mixin.py:188} INFO - [2025-08-28T08:17:26.045+0000] {dag.py:3036} INFO - Sync 1 DAGs
[2025-08-28T08:17:26.141+0000] {logging_mixin.py:188} INFO - [2025-08-28T08:17:26.141+0000] {dag.py:3823} INFO - Setting next_dagrun for poc_pipeline to 2025-08-27 00:00:00+00:00, run_after=2025-08-28 00:00:00+00:00
[2025-08-28T08:17:26.221+0000] {processor.py:183} INFO - Processing /opt/airflow/dags/poc_pipeline.py took 0.526 seconds
[2025-08-28T08:17:56.758+0000] {processor.py:161} INFO - Started process (PID=410) to work on /opt/airflow/dags/poc_pipeline.py
[2025-08-28T08:17:56.763+0000] {processor.py:830} INFO - Processing file /opt/airflow/dags/poc_pipeline.py for tasks to queue
[2025-08-28T08:17:56.770+0000] {logging_mixin.py:188} INFO - [2025-08-28T08:17:56.769+0000] {dagbag.py:538} INFO - Filling up the DagBag from /opt/airflow/dags/poc_pipeline.py
[2025-08-28T08:17:56.842+0000] {processor.py:840} INFO - DAG(s) 'poc_pipeline' retrieved from /opt/airflow/dags/poc_pipeline.py
[2025-08-28T08:17:57.033+0000] {logging_mixin.py:188} INFO - [2025-08-28T08:17:57.032+0000] {dag.py:3036} INFO - Sync 1 DAGs
[2025-08-28T08:17:57.147+0000] {logging_mixin.py:188} INFO - [2025-08-28T08:17:57.147+0000] {dag.py:3823} INFO - Setting next_dagrun for poc_pipeline to 2025-08-27 00:00:00+00:00, run_after=2025-08-28 00:00:00+00:00
[2025-08-28T08:17:57.214+0000] {processor.py:183} INFO - Processing /opt/airflow/dags/poc_pipeline.py took 0.482 seconds
[2025-08-28T08:18:28.154+0000] {processor.py:161} INFO - Started process (PID=420) to work on /opt/airflow/dags/poc_pipeline.py
[2025-08-28T08:18:28.159+0000] {processor.py:830} INFO - Processing file /opt/airflow/dags/poc_pipeline.py for tasks to queue
[2025-08-28T08:18:28.160+0000] {logging_mixin.py:188} INFO - [2025-08-28T08:18:28.160+0000] {dagbag.py:538} INFO - Filling up the DagBag from /opt/airflow/dags/poc_pipeline.py
[2025-08-28T08:18:28.231+0000] {processor.py:840} INFO - DAG(s) 'poc_pipeline' retrieved from /opt/airflow/dags/poc_pipeline.py
[2025-08-28T08:18:28.402+0000] {logging_mixin.py:188} INFO - [2025-08-28T08:18:28.400+0000] {dag.py:3036} INFO - Sync 1 DAGs
[2025-08-28T08:18:28.499+0000] {logging_mixin.py:188} INFO - [2025-08-28T08:18:28.499+0000] {dag.py:3823} INFO - Setting next_dagrun for poc_pipeline to 2025-08-27 00:00:00+00:00, run_after=2025-08-28 00:00:00+00:00
[2025-08-28T08:18:28.612+0000] {processor.py:183} INFO - Processing /opt/airflow/dags/poc_pipeline.py took 0.470 seconds
[2025-08-28T08:18:58.960+0000] {processor.py:161} INFO - Started process (PID=430) to work on /opt/airflow/dags/poc_pipeline.py
[2025-08-28T08:18:58.963+0000] {processor.py:830} INFO - Processing file /opt/airflow/dags/poc_pipeline.py for tasks to queue
[2025-08-28T08:18:58.965+0000] {logging_mixin.py:188} INFO - [2025-08-28T08:18:58.965+0000] {dagbag.py:538} INFO - Filling up the DagBag from /opt/airflow/dags/poc_pipeline.py
[2025-08-28T08:18:59.008+0000] {processor.py:840} INFO - DAG(s) 'poc_pipeline' retrieved from /opt/airflow/dags/poc_pipeline.py
[2025-08-28T08:18:59.259+0000] {logging_mixin.py:188} INFO - [2025-08-28T08:18:59.259+0000] {dag.py:3036} INFO - Sync 1 DAGs
[2025-08-28T08:18:59.602+0000] {logging_mixin.py:188} INFO - [2025-08-28T08:18:59.601+0000] {dag.py:3823} INFO - Setting next_dagrun for poc_pipeline to 2025-08-27 00:00:00+00:00, run_after=2025-08-28 00:00:00+00:00
[2025-08-28T08:18:59.707+0000] {processor.py:183} INFO - Processing /opt/airflow/dags/poc_pipeline.py took 0.756 seconds
[2025-08-28T08:19:29.818+0000] {processor.py:161} INFO - Started process (PID=440) to work on /opt/airflow/dags/poc_pipeline.py
[2025-08-28T08:19:29.826+0000] {processor.py:830} INFO - Processing file /opt/airflow/dags/poc_pipeline.py for tasks to queue
[2025-08-28T08:19:29.830+0000] {logging_mixin.py:188} INFO - [2025-08-28T08:19:29.828+0000] {dagbag.py:538} INFO - Filling up the DagBag from /opt/airflow/dags/poc_pipeline.py
[2025-08-28T08:19:29.866+0000] {processor.py:840} INFO - DAG(s) 'poc_pipeline' retrieved from /opt/airflow/dags/poc_pipeline.py
[2025-08-28T08:19:29.982+0000] {logging_mixin.py:188} INFO - [2025-08-28T08:19:29.982+0000] {dag.py:3036} INFO - Sync 1 DAGs
[2025-08-28T08:19:30.025+0000] {logging_mixin.py:188} INFO - [2025-08-28T08:19:30.025+0000] {dag.py:3823} INFO - Setting next_dagrun for poc_pipeline to 2025-08-27 00:00:00+00:00, run_after=2025-08-28 00:00:00+00:00
[2025-08-28T08:19:30.062+0000] {processor.py:183} INFO - Processing /opt/airflow/dags/poc_pipeline.py took 0.251 seconds
[2025-08-28T08:20:00.340+0000] {processor.py:161} INFO - Started process (PID=450) to work on /opt/airflow/dags/poc_pipeline.py
[2025-08-28T08:20:00.342+0000] {processor.py:830} INFO - Processing file /opt/airflow/dags/poc_pipeline.py for tasks to queue
[2025-08-28T08:20:00.344+0000] {logging_mixin.py:188} INFO - [2025-08-28T08:20:00.343+0000] {dagbag.py:538} INFO - Filling up the DagBag from /opt/airflow/dags/poc_pipeline.py
[2025-08-28T08:20:00.375+0000] {processor.py:840} INFO - DAG(s) 'poc_pipeline' retrieved from /opt/airflow/dags/poc_pipeline.py
[2025-08-28T08:20:00.454+0000] {logging_mixin.py:188} INFO - [2025-08-28T08:20:00.453+0000] {dag.py:3036} INFO - Sync 1 DAGs
[2025-08-28T08:20:00.509+0000] {logging_mixin.py:188} INFO - [2025-08-28T08:20:00.508+0000] {dag.py:3823} INFO - Setting next_dagrun for poc_pipeline to 2025-08-27 00:00:00+00:00, run_after=2025-08-28 00:00:00+00:00
[2025-08-28T08:20:00.540+0000] {processor.py:183} INFO - Processing /opt/airflow/dags/poc_pipeline.py took 0.204 seconds
[2025-08-28T08:20:31.585+0000] {processor.py:161} INFO - Started process (PID=460) to work on /opt/airflow/dags/poc_pipeline.py
[2025-08-28T08:20:31.588+0000] {processor.py:830} INFO - Processing file /opt/airflow/dags/poc_pipeline.py for tasks to queue
[2025-08-28T08:20:31.591+0000] {logging_mixin.py:188} INFO - [2025-08-28T08:20:31.590+0000] {dagbag.py:538} INFO - Filling up the DagBag from /opt/airflow/dags/poc_pipeline.py
[2025-08-28T08:20:31.661+0000] {processor.py:840} INFO - DAG(s) 'poc_pipeline' retrieved from /opt/airflow/dags/poc_pipeline.py
[2025-08-28T08:20:31.844+0000] {logging_mixin.py:188} INFO - [2025-08-28T08:20:31.843+0000] {dag.py:3036} INFO - Sync 1 DAGs
[2025-08-28T08:20:31.925+0000] {logging_mixin.py:188} INFO - [2025-08-28T08:20:31.925+0000] {dag.py:3823} INFO - Setting next_dagrun for poc_pipeline to 2025-08-27 00:00:00+00:00, run_after=2025-08-28 00:00:00+00:00
[2025-08-28T08:20:31.991+0000] {processor.py:183} INFO - Processing /opt/airflow/dags/poc_pipeline.py took 0.420 seconds
[2025-08-28T08:21:02.251+0000] {processor.py:161} INFO - Started process (PID=469) to work on /opt/airflow/dags/poc_pipeline.py
[2025-08-28T08:21:02.256+0000] {processor.py:830} INFO - Processing file /opt/airflow/dags/poc_pipeline.py for tasks to queue
[2025-08-28T08:21:02.263+0000] {logging_mixin.py:188} INFO - [2025-08-28T08:21:02.259+0000] {dagbag.py:538} INFO - Filling up the DagBag from /opt/airflow/dags/poc_pipeline.py
[2025-08-28T08:21:02.327+0000] {processor.py:840} INFO - DAG(s) 'poc_pipeline' retrieved from /opt/airflow/dags/poc_pipeline.py
[2025-08-28T08:21:02.495+0000] {logging_mixin.py:188} INFO - [2025-08-28T08:21:02.494+0000] {dag.py:3036} INFO - Sync 1 DAGs
[2025-08-28T08:21:02.627+0000] {logging_mixin.py:188} INFO - [2025-08-28T08:21:02.626+0000] {dag.py:3823} INFO - Setting next_dagrun for poc_pipeline to 2025-08-27 00:00:00+00:00, run_after=2025-08-28 00:00:00+00:00
[2025-08-28T08:21:02.744+0000] {processor.py:183} INFO - Processing /opt/airflow/dags/poc_pipeline.py took 0.562 seconds
[2025-08-28T08:21:33.946+0000] {processor.py:161} INFO - Started process (PID=482) to work on /opt/airflow/dags/poc_pipeline.py
[2025-08-28T08:21:33.951+0000] {processor.py:830} INFO - Processing file /opt/airflow/dags/poc_pipeline.py for tasks to queue
[2025-08-28T08:21:33.953+0000] {logging_mixin.py:188} INFO - [2025-08-28T08:21:33.952+0000] {dagbag.py:538} INFO - Filling up the DagBag from /opt/airflow/dags/poc_pipeline.py
[2025-08-28T08:21:34.062+0000] {processor.py:840} INFO - DAG(s) 'poc_pipeline' retrieved from /opt/airflow/dags/poc_pipeline.py
[2025-08-28T08:21:34.370+0000] {logging_mixin.py:188} INFO - [2025-08-28T08:21:34.370+0000] {dag.py:3036} INFO - Sync 1 DAGs
[2025-08-28T08:21:34.530+0000] {logging_mixin.py:188} INFO - [2025-08-28T08:21:34.528+0000] {dag.py:3823} INFO - Setting next_dagrun for poc_pipeline to 2025-08-27 00:00:00+00:00, run_after=2025-08-28 00:00:00+00:00
[2025-08-28T08:21:34.654+0000] {processor.py:183} INFO - Processing /opt/airflow/dags/poc_pipeline.py took 0.727 seconds
[2025-08-28T08:22:08.101+0000] {processor.py:161} INFO - Started process (PID=492) to work on /opt/airflow/dags/poc_pipeline.py
[2025-08-28T08:22:08.129+0000] {processor.py:830} INFO - Processing file /opt/airflow/dags/poc_pipeline.py for tasks to queue
[2025-08-28T08:22:08.142+0000] {logging_mixin.py:188} INFO - [2025-08-28T08:22:08.137+0000] {dagbag.py:538} INFO - Filling up the DagBag from /opt/airflow/dags/poc_pipeline.py
[2025-08-28T08:22:08.362+0000] {processor.py:840} INFO - DAG(s) 'poc_pipeline' retrieved from /opt/airflow/dags/poc_pipeline.py
[2025-08-28T08:22:08.864+0000] {logging_mixin.py:188} INFO - [2025-08-28T08:22:08.861+0000] {dag.py:3036} INFO - Sync 1 DAGs
[2025-08-28T08:22:09.083+0000] {logging_mixin.py:188} INFO - [2025-08-28T08:22:09.079+0000] {dag.py:3823} INFO - Setting next_dagrun for poc_pipeline to 2025-08-27 00:00:00+00:00, run_after=2025-08-28 00:00:00+00:00
[2025-08-28T08:22:09.286+0000] {processor.py:183} INFO - Processing /opt/airflow/dags/poc_pipeline.py took 1.312 seconds
[2025-08-28T08:22:42.303+0000] {processor.py:161} INFO - Started process (PID=501) to work on /opt/airflow/dags/poc_pipeline.py
[2025-08-28T08:22:42.330+0000] {processor.py:830} INFO - Processing file /opt/airflow/dags/poc_pipeline.py for tasks to queue
[2025-08-28T08:22:42.677+0000] {logging_mixin.py:188} INFO - [2025-08-28T08:22:42.338+0000] {dagbag.py:538} INFO - Filling up the DagBag from /opt/airflow/dags/poc_pipeline.py
[2025-08-28T08:22:44.968+0000] {processor.py:840} INFO - DAG(s) 'poc_pipeline' retrieved from /opt/airflow/dags/poc_pipeline.py
[2025-08-28T08:22:45.230+0000] {logging_mixin.py:188} INFO - [2025-08-28T08:22:45.229+0000] {dag.py:3036} INFO - Sync 1 DAGs
[2025-08-28T08:22:45.318+0000] {logging_mixin.py:188} INFO - [2025-08-28T08:22:45.318+0000] {dag.py:3823} INFO - Setting next_dagrun for poc_pipeline to 2025-08-27 00:00:00+00:00, run_after=2025-08-28 00:00:00+00:00
[2025-08-28T08:22:45.389+0000] {processor.py:183} INFO - Processing /opt/airflow/dags/poc_pipeline.py took 3.173 seconds
[2025-08-28T08:23:16.383+0000] {processor.py:161} INFO - Started process (PID=514) to work on /opt/airflow/dags/poc_pipeline.py
[2025-08-28T08:23:16.389+0000] {processor.py:830} INFO - Processing file /opt/airflow/dags/poc_pipeline.py for tasks to queue
[2025-08-28T08:23:16.397+0000] {logging_mixin.py:188} INFO - [2025-08-28T08:23:16.394+0000] {dagbag.py:538} INFO - Filling up the DagBag from /opt/airflow/dags/poc_pipeline.py
[2025-08-28T08:23:16.513+0000] {processor.py:840} INFO - DAG(s) 'poc_pipeline' retrieved from /opt/airflow/dags/poc_pipeline.py
[2025-08-28T08:23:16.658+0000] {logging_mixin.py:188} INFO - [2025-08-28T08:23:16.657+0000] {dag.py:3036} INFO - Sync 1 DAGs
[2025-08-28T08:23:16.733+0000] {logging_mixin.py:188} INFO - [2025-08-28T08:23:16.733+0000] {dag.py:3823} INFO - Setting next_dagrun for poc_pipeline to 2025-08-27 00:00:00+00:00, run_after=2025-08-28 00:00:00+00:00
[2025-08-28T08:23:16.787+0000] {processor.py:183} INFO - Processing /opt/airflow/dags/poc_pipeline.py took 0.432 seconds
[2025-08-28T08:23:47.381+0000] {processor.py:161} INFO - Started process (PID=532) to work on /opt/airflow/dags/poc_pipeline.py
[2025-08-28T08:23:47.391+0000] {processor.py:830} INFO - Processing file /opt/airflow/dags/poc_pipeline.py for tasks to queue
[2025-08-28T08:23:47.395+0000] {logging_mixin.py:188} INFO - [2025-08-28T08:23:47.393+0000] {dagbag.py:538} INFO - Filling up the DagBag from /opt/airflow/dags/poc_pipeline.py
[2025-08-28T08:23:47.498+0000] {processor.py:840} INFO - DAG(s) 'poc_pipeline' retrieved from /opt/airflow/dags/poc_pipeline.py
[2025-08-28T08:23:47.641+0000] {logging_mixin.py:188} INFO - [2025-08-28T08:23:47.640+0000] {dag.py:3036} INFO - Sync 1 DAGs
[2025-08-28T08:23:47.730+0000] {logging_mixin.py:188} INFO - [2025-08-28T08:23:47.729+0000] {dag.py:3823} INFO - Setting next_dagrun for poc_pipeline to 2025-08-27 00:00:00+00:00, run_after=2025-08-28 00:00:00+00:00
[2025-08-28T08:23:47.836+0000] {processor.py:183} INFO - Processing /opt/airflow/dags/poc_pipeline.py took 0.496 seconds
[2025-08-28T08:24:18.378+0000] {processor.py:161} INFO - Started process (PID=542) to work on /opt/airflow/dags/poc_pipeline.py
[2025-08-28T08:24:18.385+0000] {processor.py:830} INFO - Processing file /opt/airflow/dags/poc_pipeline.py for tasks to queue
[2025-08-28T08:24:18.387+0000] {logging_mixin.py:188} INFO - [2025-08-28T08:24:18.387+0000] {dagbag.py:538} INFO - Filling up the DagBag from /opt/airflow/dags/poc_pipeline.py
[2025-08-28T08:24:18.435+0000] {processor.py:840} INFO - DAG(s) 'poc_pipeline' retrieved from /opt/airflow/dags/poc_pipeline.py
[2025-08-28T08:24:18.569+0000] {logging_mixin.py:188} INFO - [2025-08-28T08:24:18.568+0000] {dag.py:3036} INFO - Sync 1 DAGs
[2025-08-28T08:24:18.657+0000] {logging_mixin.py:188} INFO - [2025-08-28T08:24:18.656+0000] {dag.py:3823} INFO - Setting next_dagrun for poc_pipeline to 2025-08-27 00:00:00+00:00, run_after=2025-08-28 00:00:00+00:00
[2025-08-28T08:24:18.688+0000] {processor.py:183} INFO - Processing /opt/airflow/dags/poc_pipeline.py took 0.318 seconds
[2025-08-28T08:24:49.423+0000] {processor.py:161} INFO - Started process (PID=552) to work on /opt/airflow/dags/poc_pipeline.py
[2025-08-28T08:24:49.428+0000] {processor.py:830} INFO - Processing file /opt/airflow/dags/poc_pipeline.py for tasks to queue
[2025-08-28T08:24:49.435+0000] {logging_mixin.py:188} INFO - [2025-08-28T08:24:49.431+0000] {dagbag.py:538} INFO - Filling up the DagBag from /opt/airflow/dags/poc_pipeline.py
[2025-08-28T08:24:49.511+0000] {processor.py:840} INFO - DAG(s) 'poc_pipeline' retrieved from /opt/airflow/dags/poc_pipeline.py
[2025-08-28T08:24:49.614+0000] {logging_mixin.py:188} INFO - [2025-08-28T08:24:49.614+0000] {dag.py:3036} INFO - Sync 1 DAGs
[2025-08-28T08:24:49.664+0000] {logging_mixin.py:188} INFO - [2025-08-28T08:24:49.664+0000] {dag.py:3823} INFO - Setting next_dagrun for poc_pipeline to 2025-08-27 00:00:00+00:00, run_after=2025-08-28 00:00:00+00:00
[2025-08-28T08:24:49.704+0000] {processor.py:183} INFO - Processing /opt/airflow/dags/poc_pipeline.py took 0.292 seconds
[2025-08-28T08:25:19.887+0000] {processor.py:161} INFO - Started process (PID=562) to work on /opt/airflow/dags/poc_pipeline.py
[2025-08-28T08:25:19.906+0000] {processor.py:830} INFO - Processing file /opt/airflow/dags/poc_pipeline.py for tasks to queue
[2025-08-28T08:25:19.912+0000] {logging_mixin.py:188} INFO - [2025-08-28T08:25:19.910+0000] {dagbag.py:538} INFO - Filling up the DagBag from /opt/airflow/dags/poc_pipeline.py
[2025-08-28T08:25:19.954+0000] {processor.py:840} INFO - DAG(s) 'poc_pipeline' retrieved from /opt/airflow/dags/poc_pipeline.py
[2025-08-28T08:25:20.037+0000] {logging_mixin.py:188} INFO - [2025-08-28T08:25:20.036+0000] {dag.py:3036} INFO - Sync 1 DAGs
[2025-08-28T08:25:20.099+0000] {logging_mixin.py:188} INFO - [2025-08-28T08:25:20.098+0000] {dag.py:3823} INFO - Setting next_dagrun for poc_pipeline to 2025-08-27 00:00:00+00:00, run_after=2025-08-28 00:00:00+00:00
[2025-08-28T08:25:20.126+0000] {processor.py:183} INFO - Processing /opt/airflow/dags/poc_pipeline.py took 0.265 seconds
[2025-08-28T08:25:51.677+0000] {processor.py:161} INFO - Started process (PID=578) to work on /opt/airflow/dags/poc_pipeline.py
[2025-08-28T08:25:51.692+0000] {processor.py:830} INFO - Processing file /opt/airflow/dags/poc_pipeline.py for tasks to queue
[2025-08-28T08:25:51.698+0000] {logging_mixin.py:188} INFO - [2025-08-28T08:25:51.694+0000] {dagbag.py:538} INFO - Filling up the DagBag from /opt/airflow/dags/poc_pipeline.py
[2025-08-28T08:25:51.859+0000] {processor.py:840} INFO - DAG(s) 'poc_pipeline' retrieved from /opt/airflow/dags/poc_pipeline.py
[2025-08-28T08:25:52.369+0000] {logging_mixin.py:188} INFO - [2025-08-28T08:25:52.367+0000] {dag.py:3036} INFO - Sync 1 DAGs
[2025-08-28T08:25:52.573+0000] {logging_mixin.py:188} INFO - [2025-08-28T08:25:52.572+0000] {dag.py:3823} INFO - Setting next_dagrun for poc_pipeline to 2025-08-27 00:00:00+00:00, run_after=2025-08-28 00:00:00+00:00
[2025-08-28T08:25:52.726+0000] {processor.py:183} INFO - Processing /opt/airflow/dags/poc_pipeline.py took 1.095 seconds
[2025-08-28T08:26:23.478+0000] {processor.py:161} INFO - Started process (PID=590) to work on /opt/airflow/dags/poc_pipeline.py
[2025-08-28T08:26:23.481+0000] {processor.py:830} INFO - Processing file /opt/airflow/dags/poc_pipeline.py for tasks to queue
[2025-08-28T08:26:23.483+0000] {logging_mixin.py:188} INFO - [2025-08-28T08:26:23.482+0000] {dagbag.py:538} INFO - Filling up the DagBag from /opt/airflow/dags/poc_pipeline.py
[2025-08-28T08:26:23.518+0000] {processor.py:840} INFO - DAG(s) 'poc_pipeline' retrieved from /opt/airflow/dags/poc_pipeline.py
[2025-08-28T08:26:23.689+0000] {logging_mixin.py:188} INFO - [2025-08-28T08:26:23.688+0000] {dag.py:3036} INFO - Sync 1 DAGs
[2025-08-28T08:26:23.767+0000] {logging_mixin.py:188} INFO - [2025-08-28T08:26:23.766+0000] {dag.py:3823} INFO - Setting next_dagrun for poc_pipeline to 2025-08-27 00:00:00+00:00, run_after=2025-08-28 00:00:00+00:00
[2025-08-28T08:26:23.813+0000] {processor.py:183} INFO - Processing /opt/airflow/dags/poc_pipeline.py took 0.353 seconds
[2025-08-28T08:26:54.160+0000] {processor.py:161} INFO - Started process (PID=600) to work on /opt/airflow/dags/poc_pipeline.py
[2025-08-28T08:26:54.170+0000] {processor.py:830} INFO - Processing file /opt/airflow/dags/poc_pipeline.py for tasks to queue
[2025-08-28T08:26:54.177+0000] {logging_mixin.py:188} INFO - [2025-08-28T08:26:54.174+0000] {dagbag.py:538} INFO - Filling up the DagBag from /opt/airflow/dags/poc_pipeline.py
[2025-08-28T08:26:54.276+0000] {processor.py:840} INFO - DAG(s) 'poc_pipeline' retrieved from /opt/airflow/dags/poc_pipeline.py
[2025-08-28T08:26:54.664+0000] {logging_mixin.py:188} INFO - [2025-08-28T08:26:54.659+0000] {dag.py:3036} INFO - Sync 1 DAGs
[2025-08-28T08:26:54.848+0000] {logging_mixin.py:188} INFO - [2025-08-28T08:26:54.846+0000] {dag.py:3823} INFO - Setting next_dagrun for poc_pipeline to 2025-08-27 00:00:00+00:00, run_after=2025-08-28 00:00:00+00:00
[2025-08-28T08:26:55.032+0000] {processor.py:183} INFO - Processing /opt/airflow/dags/poc_pipeline.py took 0.910 seconds
[2025-08-28T08:27:26.205+0000] {processor.py:161} INFO - Started process (PID=615) to work on /opt/airflow/dags/poc_pipeline.py
[2025-08-28T08:27:26.211+0000] {processor.py:830} INFO - Processing file /opt/airflow/dags/poc_pipeline.py for tasks to queue
[2025-08-28T08:27:26.218+0000] {logging_mixin.py:188} INFO - [2025-08-28T08:27:26.215+0000] {dagbag.py:538} INFO - Filling up the DagBag from /opt/airflow/dags/poc_pipeline.py
[2025-08-28T08:27:26.346+0000] {processor.py:840} INFO - DAG(s) 'poc_pipeline' retrieved from /opt/airflow/dags/poc_pipeline.py
[2025-08-28T08:27:26.564+0000] {logging_mixin.py:188} INFO - [2025-08-28T08:27:26.564+0000] {dag.py:3036} INFO - Sync 1 DAGs
[2025-08-28T08:27:26.722+0000] {logging_mixin.py:188} INFO - [2025-08-28T08:27:26.721+0000] {dag.py:3823} INFO - Setting next_dagrun for poc_pipeline to 2025-08-27 00:00:00+00:00, run_after=2025-08-28 00:00:00+00:00
[2025-08-28T08:27:27.156+0000] {processor.py:183} INFO - Processing /opt/airflow/dags/poc_pipeline.py took 0.975 seconds
[2025-08-28T08:27:57.939+0000] {processor.py:161} INFO - Started process (PID=628) to work on /opt/airflow/dags/poc_pipeline.py
[2025-08-28T08:27:57.953+0000] {processor.py:830} INFO - Processing file /opt/airflow/dags/poc_pipeline.py for tasks to queue
[2025-08-28T08:27:57.958+0000] {logging_mixin.py:188} INFO - [2025-08-28T08:27:57.955+0000] {dagbag.py:538} INFO - Filling up the DagBag from /opt/airflow/dags/poc_pipeline.py
[2025-08-28T08:27:58.019+0000] {processor.py:840} INFO - DAG(s) 'poc_pipeline' retrieved from /opt/airflow/dags/poc_pipeline.py
[2025-08-28T08:27:58.193+0000] {logging_mixin.py:188} INFO - [2025-08-28T08:27:58.192+0000] {dag.py:3036} INFO - Sync 1 DAGs
[2025-08-28T08:27:58.297+0000] {logging_mixin.py:188} INFO - [2025-08-28T08:27:58.297+0000] {dag.py:3823} INFO - Setting next_dagrun for poc_pipeline to 2025-08-27 00:00:00+00:00, run_after=2025-08-28 00:00:00+00:00
[2025-08-28T08:27:58.329+0000] {processor.py:183} INFO - Processing /opt/airflow/dags/poc_pipeline.py took 0.425 seconds
[2025-08-28T08:28:28.541+0000] {processor.py:161} INFO - Started process (PID=638) to work on /opt/airflow/dags/poc_pipeline.py
[2025-08-28T08:28:28.544+0000] {processor.py:830} INFO - Processing file /opt/airflow/dags/poc_pipeline.py for tasks to queue
[2025-08-28T08:28:28.548+0000] {logging_mixin.py:188} INFO - [2025-08-28T08:28:28.546+0000] {dagbag.py:538} INFO - Filling up the DagBag from /opt/airflow/dags/poc_pipeline.py
[2025-08-28T08:28:28.596+0000] {processor.py:840} INFO - DAG(s) 'poc_pipeline' retrieved from /opt/airflow/dags/poc_pipeline.py
[2025-08-28T08:28:28.671+0000] {logging_mixin.py:188} INFO - [2025-08-28T08:28:28.671+0000] {dag.py:3036} INFO - Sync 1 DAGs
[2025-08-28T08:28:28.713+0000] {logging_mixin.py:188} INFO - [2025-08-28T08:28:28.713+0000] {dag.py:3823} INFO - Setting next_dagrun for poc_pipeline to 2025-08-27 00:00:00+00:00, run_after=2025-08-28 00:00:00+00:00
[2025-08-28T08:28:28.734+0000] {processor.py:183} INFO - Processing /opt/airflow/dags/poc_pipeline.py took 0.211 seconds
[2025-08-28T08:29:00.136+0000] {processor.py:161} INFO - Started process (PID=648) to work on /opt/airflow/dags/poc_pipeline.py
[2025-08-28T08:29:00.167+0000] {processor.py:830} INFO - Processing file /opt/airflow/dags/poc_pipeline.py for tasks to queue
[2025-08-28T08:29:00.203+0000] {logging_mixin.py:188} INFO - [2025-08-28T08:29:00.179+0000] {dagbag.py:538} INFO - Filling up the DagBag from /opt/airflow/dags/poc_pipeline.py
[2025-08-28T08:29:00.770+0000] {processor.py:840} INFO - DAG(s) 'poc_pipeline' retrieved from /opt/airflow/dags/poc_pipeline.py
[2025-08-28T08:29:02.117+0000] {logging_mixin.py:188} INFO - [2025-08-28T08:29:02.110+0000] {dag.py:3036} INFO - Sync 1 DAGs
[2025-08-28T08:29:02.535+0000] {logging_mixin.py:188} INFO - [2025-08-28T08:29:02.533+0000] {dag.py:3823} INFO - Setting next_dagrun for poc_pipeline to 2025-08-27 00:00:00+00:00, run_after=2025-08-28 00:00:00+00:00
[2025-08-28T08:29:02.685+0000] {processor.py:183} INFO - Processing /opt/airflow/dags/poc_pipeline.py took 2.675 seconds
[2025-08-28T08:29:33.473+0000] {processor.py:161} INFO - Started process (PID=658) to work on /opt/airflow/dags/poc_pipeline.py
[2025-08-28T08:29:33.485+0000] {processor.py:830} INFO - Processing file /opt/airflow/dags/poc_pipeline.py for tasks to queue
[2025-08-28T08:29:33.492+0000] {logging_mixin.py:188} INFO - [2025-08-28T08:29:33.489+0000] {dagbag.py:538} INFO - Filling up the DagBag from /opt/airflow/dags/poc_pipeline.py
[2025-08-28T08:29:33.563+0000] {processor.py:840} INFO - DAG(s) 'poc_pipeline' retrieved from /opt/airflow/dags/poc_pipeline.py
[2025-08-28T08:29:33.695+0000] {logging_mixin.py:188} INFO - [2025-08-28T08:29:33.695+0000] {dag.py:3036} INFO - Sync 1 DAGs
[2025-08-28T08:29:33.760+0000] {logging_mixin.py:188} INFO - [2025-08-28T08:29:33.760+0000] {dag.py:3823} INFO - Setting next_dagrun for poc_pipeline to 2025-08-27 00:00:00+00:00, run_after=2025-08-28 00:00:00+00:00
[2025-08-28T08:29:33.785+0000] {processor.py:183} INFO - Processing /opt/airflow/dags/poc_pipeline.py took 0.365 seconds
[2025-08-28T08:30:04.004+0000] {processor.py:161} INFO - Started process (PID=668) to work on /opt/airflow/dags/poc_pipeline.py
[2025-08-28T08:30:04.008+0000] {processor.py:830} INFO - Processing file /opt/airflow/dags/poc_pipeline.py for tasks to queue
[2025-08-28T08:30:04.010+0000] {logging_mixin.py:188} INFO - [2025-08-28T08:30:04.009+0000] {dagbag.py:538} INFO - Filling up the DagBag from /opt/airflow/dags/poc_pipeline.py
[2025-08-28T08:30:04.051+0000] {processor.py:840} INFO - DAG(s) 'poc_pipeline' retrieved from /opt/airflow/dags/poc_pipeline.py
[2025-08-28T08:30:04.141+0000] {logging_mixin.py:188} INFO - [2025-08-28T08:30:04.140+0000] {dag.py:3036} INFO - Sync 1 DAGs
[2025-08-28T08:30:04.188+0000] {logging_mixin.py:188} INFO - [2025-08-28T08:30:04.187+0000] {dag.py:3823} INFO - Setting next_dagrun for poc_pipeline to 2025-08-27 00:00:00+00:00, run_after=2025-08-28 00:00:00+00:00
[2025-08-28T08:30:04.216+0000] {processor.py:183} INFO - Processing /opt/airflow/dags/poc_pipeline.py took 0.244 seconds
[2025-08-28T08:30:34.789+0000] {processor.py:161} INFO - Started process (PID=678) to work on /opt/airflow/dags/poc_pipeline.py
[2025-08-28T08:30:34.793+0000] {processor.py:830} INFO - Processing file /opt/airflow/dags/poc_pipeline.py for tasks to queue
[2025-08-28T08:30:34.794+0000] {logging_mixin.py:188} INFO - [2025-08-28T08:30:34.794+0000] {dagbag.py:538} INFO - Filling up the DagBag from /opt/airflow/dags/poc_pipeline.py
[2025-08-28T08:30:34.828+0000] {processor.py:840} INFO - DAG(s) 'poc_pipeline' retrieved from /opt/airflow/dags/poc_pipeline.py
[2025-08-28T08:30:35.029+0000] {logging_mixin.py:188} INFO - [2025-08-28T08:30:35.029+0000] {dag.py:3036} INFO - Sync 1 DAGs
[2025-08-28T08:30:35.083+0000] {logging_mixin.py:188} INFO - [2025-08-28T08:30:35.083+0000] {dag.py:3823} INFO - Setting next_dagrun for poc_pipeline to 2025-08-27 00:00:00+00:00, run_after=2025-08-28 00:00:00+00:00
[2025-08-28T08:30:35.110+0000] {processor.py:183} INFO - Processing /opt/airflow/dags/poc_pipeline.py took 0.324 seconds
[2025-08-28T08:31:05.370+0000] {processor.py:161} INFO - Started process (PID=688) to work on /opt/airflow/dags/poc_pipeline.py
[2025-08-28T08:31:05.374+0000] {processor.py:830} INFO - Processing file /opt/airflow/dags/poc_pipeline.py for tasks to queue
[2025-08-28T08:31:05.380+0000] {logging_mixin.py:188} INFO - [2025-08-28T08:31:05.378+0000] {dagbag.py:538} INFO - Filling up the DagBag from /opt/airflow/dags/poc_pipeline.py
[2025-08-28T08:31:05.426+0000] {processor.py:840} INFO - DAG(s) 'poc_pipeline' retrieved from /opt/airflow/dags/poc_pipeline.py
[2025-08-28T08:31:05.546+0000] {logging_mixin.py:188} INFO - [2025-08-28T08:31:05.546+0000] {dag.py:3036} INFO - Sync 1 DAGs
[2025-08-28T08:31:05.658+0000] {logging_mixin.py:188} INFO - [2025-08-28T08:31:05.657+0000] {dag.py:3823} INFO - Setting next_dagrun for poc_pipeline to 2025-08-27 00:00:00+00:00, run_after=2025-08-28 00:00:00+00:00
[2025-08-28T08:31:05.757+0000] {processor.py:183} INFO - Processing /opt/airflow/dags/poc_pipeline.py took 0.404 seconds
[2025-08-28T08:31:36.329+0000] {processor.py:161} INFO - Started process (PID=698) to work on /opt/airflow/dags/poc_pipeline.py
[2025-08-28T08:31:36.333+0000] {processor.py:830} INFO - Processing file /opt/airflow/dags/poc_pipeline.py for tasks to queue
[2025-08-28T08:31:36.335+0000] {logging_mixin.py:188} INFO - [2025-08-28T08:31:36.334+0000] {dagbag.py:538} INFO - Filling up the DagBag from /opt/airflow/dags/poc_pipeline.py
[2025-08-28T08:31:36.381+0000] {processor.py:840} INFO - DAG(s) 'poc_pipeline' retrieved from /opt/airflow/dags/poc_pipeline.py
[2025-08-28T08:31:36.546+0000] {logging_mixin.py:188} INFO - [2025-08-28T08:31:36.545+0000] {dag.py:3036} INFO - Sync 1 DAGs
[2025-08-28T08:31:36.578+0000] {logging_mixin.py:188} INFO - [2025-08-28T08:31:36.578+0000] {dag.py:3823} INFO - Setting next_dagrun for poc_pipeline to 2025-08-27 00:00:00+00:00, run_after=2025-08-28 00:00:00+00:00
[2025-08-28T08:31:36.596+0000] {processor.py:183} INFO - Processing /opt/airflow/dags/poc_pipeline.py took 0.277 seconds
[2025-08-28T08:32:07.284+0000] {processor.py:161} INFO - Started process (PID=708) to work on /opt/airflow/dags/poc_pipeline.py
[2025-08-28T08:32:07.295+0000] {processor.py:830} INFO - Processing file /opt/airflow/dags/poc_pipeline.py for tasks to queue
[2025-08-28T08:32:07.299+0000] {logging_mixin.py:188} INFO - [2025-08-28T08:32:07.298+0000] {dagbag.py:538} INFO - Filling up the DagBag from /opt/airflow/dags/poc_pipeline.py
[2025-08-28T08:32:07.407+0000] {processor.py:840} INFO - DAG(s) 'poc_pipeline' retrieved from /opt/airflow/dags/poc_pipeline.py
[2025-08-28T08:32:07.710+0000] {logging_mixin.py:188} INFO - [2025-08-28T08:32:07.709+0000] {dag.py:3036} INFO - Sync 1 DAGs
[2025-08-28T08:32:07.809+0000] {logging_mixin.py:188} INFO - [2025-08-28T08:32:07.808+0000] {dag.py:3823} INFO - Setting next_dagrun for poc_pipeline to 2025-08-27 00:00:00+00:00, run_after=2025-08-28 00:00:00+00:00
[2025-08-28T08:32:07.901+0000] {processor.py:183} INFO - Processing /opt/airflow/dags/poc_pipeline.py took 0.659 seconds
[2025-08-28T08:32:39.085+0000] {processor.py:161} INFO - Started process (PID=718) to work on /opt/airflow/dags/poc_pipeline.py
[2025-08-28T08:32:39.094+0000] {processor.py:830} INFO - Processing file /opt/airflow/dags/poc_pipeline.py for tasks to queue
[2025-08-28T08:32:39.097+0000] {logging_mixin.py:188} INFO - [2025-08-28T08:32:39.096+0000] {dagbag.py:538} INFO - Filling up the DagBag from /opt/airflow/dags/poc_pipeline.py
[2025-08-28T08:32:39.218+0000] {processor.py:840} INFO - DAG(s) 'poc_pipeline' retrieved from /opt/airflow/dags/poc_pipeline.py
[2025-08-28T08:32:39.571+0000] {logging_mixin.py:188} INFO - [2025-08-28T08:32:39.570+0000] {dag.py:3036} INFO - Sync 1 DAGs
[2025-08-28T08:32:39.776+0000] {logging_mixin.py:188} INFO - [2025-08-28T08:32:39.773+0000] {dag.py:3823} INFO - Setting next_dagrun for poc_pipeline to 2025-08-27 00:00:00+00:00, run_after=2025-08-28 00:00:00+00:00
[2025-08-28T08:32:40.196+0000] {processor.py:183} INFO - Processing /opt/airflow/dags/poc_pipeline.py took 1.129 seconds
[2025-08-28T08:33:10.515+0000] {processor.py:161} INFO - Started process (PID=728) to work on /opt/airflow/dags/poc_pipeline.py
[2025-08-28T08:33:10.526+0000] {processor.py:830} INFO - Processing file /opt/airflow/dags/poc_pipeline.py for tasks to queue
[2025-08-28T08:33:10.556+0000] {logging_mixin.py:188} INFO - [2025-08-28T08:33:10.527+0000] {dagbag.py:538} INFO - Filling up the DagBag from /opt/airflow/dags/poc_pipeline.py
[2025-08-28T08:33:10.666+0000] {processor.py:840} INFO - DAG(s) 'poc_pipeline' retrieved from /opt/airflow/dags/poc_pipeline.py
[2025-08-28T08:33:11.168+0000] {logging_mixin.py:188} INFO - [2025-08-28T08:33:11.158+0000] {dag.py:3036} INFO - Sync 1 DAGs
[2025-08-28T08:33:11.528+0000] {logging_mixin.py:188} INFO - [2025-08-28T08:33:11.526+0000] {dag.py:3823} INFO - Setting next_dagrun for poc_pipeline to 2025-08-27 00:00:00+00:00, run_after=2025-08-28 00:00:00+00:00
[2025-08-28T08:33:11.603+0000] {processor.py:183} INFO - Processing /opt/airflow/dags/poc_pipeline.py took 1.134 seconds
[2025-08-28T08:33:51.758+0000] {processor.py:161} INFO - Started process (PID=738) to work on /opt/airflow/dags/poc_pipeline.py
[2025-08-28T08:33:51.782+0000] {processor.py:830} INFO - Processing file /opt/airflow/dags/poc_pipeline.py for tasks to queue
[2025-08-28T08:33:51.811+0000] {logging_mixin.py:188} INFO - [2025-08-28T08:33:51.793+0000] {dagbag.py:538} INFO - Filling up the DagBag from /opt/airflow/dags/poc_pipeline.py
[2025-08-28T08:33:52.662+0000] {processor.py:840} INFO - DAG(s) 'poc_pipeline' retrieved from /opt/airflow/dags/poc_pipeline.py
[2025-08-28T08:34:10.257+0000] {logging_mixin.py:188} INFO - [2025-08-28T08:34:08.208+0000] {dag.py:3036} INFO - Sync 1 DAGs
[2025-08-28T08:34:27.113+0000] {logging_mixin.py:188} INFO - [2025-08-28T08:34:26.694+0000] {dag.py:3823} INFO - Setting next_dagrun for poc_pipeline to 2025-08-27 00:00:00+00:00, run_after=2025-08-28 00:00:00+00:00
[2025-08-28T08:34:28.042+0000] {processor.py:183} INFO - Processing /opt/airflow/dags/poc_pipeline.py took 36.590 seconds
[2025-08-28T08:34:59.444+0000] {processor.py:161} INFO - Started process (PID=750) to work on /opt/airflow/dags/poc_pipeline.py
[2025-08-28T08:34:59.452+0000] {processor.py:830} INFO - Processing file /opt/airflow/dags/poc_pipeline.py for tasks to queue
[2025-08-28T08:34:59.464+0000] {logging_mixin.py:188} INFO - [2025-08-28T08:34:59.462+0000] {dagbag.py:538} INFO - Filling up the DagBag from /opt/airflow/dags/poc_pipeline.py
[2025-08-28T08:34:59.593+0000] {processor.py:840} INFO - DAG(s) 'poc_pipeline' retrieved from /opt/airflow/dags/poc_pipeline.py
[2025-08-28T08:34:59.826+0000] {logging_mixin.py:188} INFO - [2025-08-28T08:34:59.826+0000] {dag.py:3036} INFO - Sync 1 DAGs
[2025-08-28T08:34:59.978+0000] {logging_mixin.py:188} INFO - [2025-08-28T08:34:59.975+0000] {dag.py:3823} INFO - Setting next_dagrun for poc_pipeline to 2025-08-27 00:00:00+00:00, run_after=2025-08-28 00:00:00+00:00
[2025-08-28T08:35:00.095+0000] {processor.py:183} INFO - Processing /opt/airflow/dags/poc_pipeline.py took 0.699 seconds
[2025-08-28T08:35:30.635+0000] {processor.py:161} INFO - Started process (PID=761) to work on /opt/airflow/dags/poc_pipeline.py
[2025-08-28T08:35:30.640+0000] {processor.py:830} INFO - Processing file /opt/airflow/dags/poc_pipeline.py for tasks to queue
[2025-08-28T08:35:30.644+0000] {logging_mixin.py:188} INFO - [2025-08-28T08:35:30.644+0000] {dagbag.py:538} INFO - Filling up the DagBag from /opt/airflow/dags/poc_pipeline.py
[2025-08-28T08:35:30.702+0000] {processor.py:840} INFO - DAG(s) 'poc_pipeline' retrieved from /opt/airflow/dags/poc_pipeline.py
[2025-08-28T08:35:30.795+0000] {logging_mixin.py:188} INFO - [2025-08-28T08:35:30.794+0000] {dag.py:3036} INFO - Sync 1 DAGs
[2025-08-28T08:35:30.867+0000] {logging_mixin.py:188} INFO - [2025-08-28T08:35:30.866+0000] {dag.py:3823} INFO - Setting next_dagrun for poc_pipeline to 2025-08-27 00:00:00+00:00, run_after=2025-08-28 00:00:00+00:00
[2025-08-28T08:35:30.937+0000] {processor.py:183} INFO - Processing /opt/airflow/dags/poc_pipeline.py took 0.315 seconds
[2025-08-28T08:36:01.692+0000] {processor.py:161} INFO - Started process (PID=771) to work on /opt/airflow/dags/poc_pipeline.py
[2025-08-28T08:36:01.729+0000] {processor.py:830} INFO - Processing file /opt/airflow/dags/poc_pipeline.py for tasks to queue
[2025-08-28T08:36:01.733+0000] {logging_mixin.py:188} INFO - [2025-08-28T08:36:01.732+0000] {dagbag.py:538} INFO - Filling up the DagBag from /opt/airflow/dags/poc_pipeline.py
[2025-08-28T08:36:01.774+0000] {processor.py:840} INFO - DAG(s) 'poc_pipeline' retrieved from /opt/airflow/dags/poc_pipeline.py
[2025-08-28T08:36:02.095+0000] {logging_mixin.py:188} INFO - [2025-08-28T08:36:02.093+0000] {dag.py:3036} INFO - Sync 1 DAGs
[2025-08-28T08:36:02.297+0000] {logging_mixin.py:188} INFO - [2025-08-28T08:36:02.296+0000] {dag.py:3823} INFO - Setting next_dagrun for poc_pipeline to 2025-08-27 00:00:00+00:00, run_after=2025-08-28 00:00:00+00:00
[2025-08-28T08:36:02.337+0000] {processor.py:183} INFO - Processing /opt/airflow/dags/poc_pipeline.py took 0.674 seconds
[2025-08-28T08:36:33.337+0000] {processor.py:161} INFO - Started process (PID=780) to work on /opt/airflow/dags/poc_pipeline.py
[2025-08-28T08:36:33.345+0000] {processor.py:830} INFO - Processing file /opt/airflow/dags/poc_pipeline.py for tasks to queue
[2025-08-28T08:36:33.361+0000] {logging_mixin.py:188} INFO - [2025-08-28T08:36:33.356+0000] {dagbag.py:538} INFO - Filling up the DagBag from /opt/airflow/dags/poc_pipeline.py
[2025-08-28T08:36:33.450+0000] {processor.py:840} INFO - DAG(s) 'poc_pipeline' retrieved from /opt/airflow/dags/poc_pipeline.py
[2025-08-28T08:36:33.663+0000] {logging_mixin.py:188} INFO - [2025-08-28T08:36:33.663+0000] {dag.py:3036} INFO - Sync 1 DAGs
[2025-08-28T08:36:33.718+0000] {logging_mixin.py:188} INFO - [2025-08-28T08:36:33.718+0000] {dag.py:3823} INFO - Setting next_dagrun for poc_pipeline to 2025-08-27 00:00:00+00:00, run_after=2025-08-28 00:00:00+00:00
[2025-08-28T08:36:33.760+0000] {processor.py:183} INFO - Processing /opt/airflow/dags/poc_pipeline.py took 0.481 seconds
