[2025-08-22T09:12:51.966+0000] {processor.py:161} INFO - Started process (PID=166) to work on /opt/airflow/dags/poc_pipeline.py
[2025-08-22T09:12:51.968+0000] {processor.py:830} INFO - Processing file /opt/airflow/dags/poc_pipeline.py for tasks to queue
[2025-08-22T09:12:51.973+0000] {logging_mixin.py:188} INFO - [2025-08-22T09:12:51.972+0000] {dagbag.py:538} INFO - Filling up the DagBag from /opt/airflow/dags/poc_pipeline.py
[2025-08-22T09:12:52.020+0000] {processor.py:840} INFO - DAG(s) 'poc_pipeline' retrieved from /opt/airflow/dags/poc_pipeline.py
[2025-08-22T09:12:52.455+0000] {logging_mixin.py:188} INFO - [2025-08-22T09:12:52.455+0000] {dag.py:3036} INFO - Sync 1 DAGs
[2025-08-22T09:12:52.501+0000] {logging_mixin.py:188} INFO - [2025-08-22T09:12:52.500+0000] {dag.py:3823} INFO - Setting next_dagrun for poc_pipeline to 2025-08-22 00:00:00+00:00, run_after=2025-08-23 00:00:00+00:00
[2025-08-22T09:12:52.561+0000] {processor.py:183} INFO - Processing /opt/airflow/dags/poc_pipeline.py took 0.597 seconds
[2025-08-22T09:13:23.001+0000] {processor.py:161} INFO - Started process (PID=172) to work on /opt/airflow/dags/poc_pipeline.py
[2025-08-22T09:13:23.003+0000] {processor.py:830} INFO - Processing file /opt/airflow/dags/poc_pipeline.py for tasks to queue
[2025-08-22T09:13:23.005+0000] {logging_mixin.py:188} INFO - [2025-08-22T09:13:23.004+0000] {dagbag.py:538} INFO - Filling up the DagBag from /opt/airflow/dags/poc_pipeline.py
[2025-08-22T09:13:23.049+0000] {processor.py:840} INFO - DAG(s) 'poc_pipeline' retrieved from /opt/airflow/dags/poc_pipeline.py
[2025-08-22T09:13:23.124+0000] {logging_mixin.py:188} INFO - [2025-08-22T09:13:23.124+0000] {dag.py:3036} INFO - Sync 1 DAGs
[2025-08-22T09:13:23.157+0000] {logging_mixin.py:188} INFO - [2025-08-22T09:13:23.156+0000] {dag.py:3823} INFO - Setting next_dagrun for poc_pipeline to 2025-08-22 00:00:00+00:00, run_after=2025-08-23 00:00:00+00:00
[2025-08-22T09:13:23.182+0000] {processor.py:183} INFO - Processing /opt/airflow/dags/poc_pipeline.py took 0.191 seconds
[2025-08-22T09:13:53.584+0000] {processor.py:161} INFO - Started process (PID=177) to work on /opt/airflow/dags/poc_pipeline.py
[2025-08-22T09:13:53.585+0000] {processor.py:830} INFO - Processing file /opt/airflow/dags/poc_pipeline.py for tasks to queue
[2025-08-22T09:13:53.586+0000] {logging_mixin.py:188} INFO - [2025-08-22T09:13:53.585+0000] {dagbag.py:538} INFO - Filling up the DagBag from /opt/airflow/dags/poc_pipeline.py
[2025-08-22T09:13:53.607+0000] {processor.py:840} INFO - DAG(s) 'poc_pipeline' retrieved from /opt/airflow/dags/poc_pipeline.py
[2025-08-22T09:13:53.648+0000] {logging_mixin.py:188} INFO - [2025-08-22T09:13:53.648+0000] {dag.py:3036} INFO - Sync 1 DAGs
[2025-08-22T09:13:53.669+0000] {logging_mixin.py:188} INFO - [2025-08-22T09:13:53.669+0000] {dag.py:3823} INFO - Setting next_dagrun for poc_pipeline to 2025-08-22 00:00:00+00:00, run_after=2025-08-23 00:00:00+00:00
[2025-08-22T09:13:53.680+0000] {processor.py:183} INFO - Processing /opt/airflow/dags/poc_pipeline.py took 0.100 seconds
[2025-08-22T09:14:23.955+0000] {processor.py:161} INFO - Started process (PID=182) to work on /opt/airflow/dags/poc_pipeline.py
[2025-08-22T09:14:23.958+0000] {processor.py:830} INFO - Processing file /opt/airflow/dags/poc_pipeline.py for tasks to queue
[2025-08-22T09:14:23.962+0000] {logging_mixin.py:188} INFO - [2025-08-22T09:14:23.961+0000] {dagbag.py:538} INFO - Filling up the DagBag from /opt/airflow/dags/poc_pipeline.py
[2025-08-22T09:14:23.986+0000] {processor.py:840} INFO - DAG(s) 'poc_pipeline' retrieved from /opt/airflow/dags/poc_pipeline.py
[2025-08-22T09:14:24.024+0000] {logging_mixin.py:188} INFO - [2025-08-22T09:14:24.024+0000] {dag.py:3036} INFO - Sync 1 DAGs
[2025-08-22T09:14:24.044+0000] {logging_mixin.py:188} INFO - [2025-08-22T09:14:24.044+0000] {dag.py:3823} INFO - Setting next_dagrun for poc_pipeline to 2025-08-22 00:00:00+00:00, run_after=2025-08-23 00:00:00+00:00
[2025-08-22T09:14:24.065+0000] {processor.py:183} INFO - Processing /opt/airflow/dags/poc_pipeline.py took 0.118 seconds
[2025-08-22T09:14:54.325+0000] {processor.py:161} INFO - Started process (PID=187) to work on /opt/airflow/dags/poc_pipeline.py
[2025-08-22T09:14:54.327+0000] {processor.py:830} INFO - Processing file /opt/airflow/dags/poc_pipeline.py for tasks to queue
[2025-08-22T09:14:54.328+0000] {logging_mixin.py:188} INFO - [2025-08-22T09:14:54.328+0000] {dagbag.py:538} INFO - Filling up the DagBag from /opt/airflow/dags/poc_pipeline.py
[2025-08-22T09:14:54.345+0000] {processor.py:840} INFO - DAG(s) 'poc_pipeline' retrieved from /opt/airflow/dags/poc_pipeline.py
[2025-08-22T09:14:54.382+0000] {logging_mixin.py:188} INFO - [2025-08-22T09:14:54.381+0000] {dag.py:3036} INFO - Sync 1 DAGs
[2025-08-22T09:14:54.405+0000] {logging_mixin.py:188} INFO - [2025-08-22T09:14:54.405+0000] {dag.py:3823} INFO - Setting next_dagrun for poc_pipeline to 2025-08-22 00:00:00+00:00, run_after=2025-08-23 00:00:00+00:00
[2025-08-22T09:14:54.420+0000] {processor.py:183} INFO - Processing /opt/airflow/dags/poc_pipeline.py took 0.104 seconds
[2025-08-22T09:15:24.735+0000] {processor.py:161} INFO - Started process (PID=198) to work on /opt/airflow/dags/poc_pipeline.py
[2025-08-22T09:15:24.737+0000] {processor.py:830} INFO - Processing file /opt/airflow/dags/poc_pipeline.py for tasks to queue
[2025-08-22T09:15:24.739+0000] {logging_mixin.py:188} INFO - [2025-08-22T09:15:24.739+0000] {dagbag.py:538} INFO - Filling up the DagBag from /opt/airflow/dags/poc_pipeline.py
[2025-08-22T09:15:24.765+0000] {processor.py:840} INFO - DAG(s) 'poc_pipeline' retrieved from /opt/airflow/dags/poc_pipeline.py
[2025-08-22T09:15:24.814+0000] {logging_mixin.py:188} INFO - [2025-08-22T09:15:24.813+0000] {dag.py:3036} INFO - Sync 1 DAGs
[2025-08-22T09:15:24.853+0000] {logging_mixin.py:188} INFO - [2025-08-22T09:15:24.853+0000] {dag.py:3823} INFO - Setting next_dagrun for poc_pipeline to 2025-08-22 00:00:00+00:00, run_after=2025-08-23 00:00:00+00:00
[2025-08-22T09:15:24.868+0000] {processor.py:183} INFO - Processing /opt/airflow/dags/poc_pipeline.py took 0.142 seconds
[2025-08-22T09:15:55.138+0000] {processor.py:161} INFO - Started process (PID=203) to work on /opt/airflow/dags/poc_pipeline.py
[2025-08-22T09:15:55.140+0000] {processor.py:830} INFO - Processing file /opt/airflow/dags/poc_pipeline.py for tasks to queue
[2025-08-22T09:15:55.142+0000] {logging_mixin.py:188} INFO - [2025-08-22T09:15:55.141+0000] {dagbag.py:538} INFO - Filling up the DagBag from /opt/airflow/dags/poc_pipeline.py
[2025-08-22T09:15:55.163+0000] {processor.py:840} INFO - DAG(s) 'poc_pipeline' retrieved from /opt/airflow/dags/poc_pipeline.py
[2025-08-22T09:15:55.202+0000] {logging_mixin.py:188} INFO - [2025-08-22T09:15:55.202+0000] {dag.py:3036} INFO - Sync 1 DAGs
[2025-08-22T09:15:55.227+0000] {logging_mixin.py:188} INFO - [2025-08-22T09:15:55.227+0000] {dag.py:3823} INFO - Setting next_dagrun for poc_pipeline to 2025-08-22 00:00:00+00:00, run_after=2025-08-23 00:00:00+00:00
[2025-08-22T09:15:55.242+0000] {processor.py:183} INFO - Processing /opt/airflow/dags/poc_pipeline.py took 0.111 seconds
[2025-08-22T09:16:25.574+0000] {processor.py:161} INFO - Started process (PID=208) to work on /opt/airflow/dags/poc_pipeline.py
[2025-08-22T09:16:25.577+0000] {processor.py:830} INFO - Processing file /opt/airflow/dags/poc_pipeline.py for tasks to queue
[2025-08-22T09:16:25.579+0000] {logging_mixin.py:188} INFO - [2025-08-22T09:16:25.578+0000] {dagbag.py:538} INFO - Filling up the DagBag from /opt/airflow/dags/poc_pipeline.py
[2025-08-22T09:16:25.601+0000] {processor.py:840} INFO - DAG(s) 'poc_pipeline' retrieved from /opt/airflow/dags/poc_pipeline.py
[2025-08-22T09:16:25.641+0000] {logging_mixin.py:188} INFO - [2025-08-22T09:16:25.641+0000] {dag.py:3036} INFO - Sync 1 DAGs
[2025-08-22T09:16:25.661+0000] {logging_mixin.py:188} INFO - [2025-08-22T09:16:25.661+0000] {dag.py:3823} INFO - Setting next_dagrun for poc_pipeline to 2025-08-22 00:00:00+00:00, run_after=2025-08-23 00:00:00+00:00
[2025-08-22T09:16:25.678+0000] {processor.py:183} INFO - Processing /opt/airflow/dags/poc_pipeline.py took 0.109 seconds
[2025-08-22T09:16:55.925+0000] {processor.py:161} INFO - Started process (PID=213) to work on /opt/airflow/dags/poc_pipeline.py
[2025-08-22T09:16:55.926+0000] {processor.py:830} INFO - Processing file /opt/airflow/dags/poc_pipeline.py for tasks to queue
[2025-08-22T09:16:55.927+0000] {logging_mixin.py:188} INFO - [2025-08-22T09:16:55.927+0000] {dagbag.py:538} INFO - Filling up the DagBag from /opt/airflow/dags/poc_pipeline.py
[2025-08-22T09:16:55.948+0000] {processor.py:840} INFO - DAG(s) 'poc_pipeline' retrieved from /opt/airflow/dags/poc_pipeline.py
[2025-08-22T09:16:55.990+0000] {logging_mixin.py:188} INFO - [2025-08-22T09:16:55.990+0000] {dag.py:3036} INFO - Sync 1 DAGs
[2025-08-22T09:16:56.011+0000] {logging_mixin.py:188} INFO - [2025-08-22T09:16:56.011+0000] {dag.py:3823} INFO - Setting next_dagrun for poc_pipeline to 2025-08-22 00:00:00+00:00, run_after=2025-08-23 00:00:00+00:00
[2025-08-22T09:16:56.027+0000] {processor.py:183} INFO - Processing /opt/airflow/dags/poc_pipeline.py took 0.110 seconds
[2025-08-22T09:17:26.340+0000] {processor.py:161} INFO - Started process (PID=218) to work on /opt/airflow/dags/poc_pipeline.py
[2025-08-22T09:17:26.341+0000] {processor.py:830} INFO - Processing file /opt/airflow/dags/poc_pipeline.py for tasks to queue
[2025-08-22T09:17:26.343+0000] {logging_mixin.py:188} INFO - [2025-08-22T09:17:26.342+0000] {dagbag.py:538} INFO - Filling up the DagBag from /opt/airflow/dags/poc_pipeline.py
[2025-08-22T09:17:26.364+0000] {processor.py:840} INFO - DAG(s) 'poc_pipeline' retrieved from /opt/airflow/dags/poc_pipeline.py
[2025-08-22T09:17:26.401+0000] {logging_mixin.py:188} INFO - [2025-08-22T09:17:26.401+0000] {dag.py:3036} INFO - Sync 1 DAGs
[2025-08-22T09:17:26.426+0000] {logging_mixin.py:188} INFO - [2025-08-22T09:17:26.426+0000] {dag.py:3823} INFO - Setting next_dagrun for poc_pipeline to 2025-08-22 00:00:00+00:00, run_after=2025-08-23 00:00:00+00:00
[2025-08-22T09:17:26.445+0000] {processor.py:183} INFO - Processing /opt/airflow/dags/poc_pipeline.py took 0.109 seconds
[2025-08-22T09:17:56.913+0000] {processor.py:161} INFO - Started process (PID=223) to work on /opt/airflow/dags/poc_pipeline.py
[2025-08-22T09:17:56.915+0000] {processor.py:830} INFO - Processing file /opt/airflow/dags/poc_pipeline.py for tasks to queue
[2025-08-22T09:17:56.916+0000] {logging_mixin.py:188} INFO - [2025-08-22T09:17:56.916+0000] {dagbag.py:538} INFO - Filling up the DagBag from /opt/airflow/dags/poc_pipeline.py
[2025-08-22T09:17:56.949+0000] {processor.py:840} INFO - DAG(s) 'poc_pipeline' retrieved from /opt/airflow/dags/poc_pipeline.py
[2025-08-22T09:17:57.027+0000] {logging_mixin.py:188} INFO - [2025-08-22T09:17:57.027+0000] {dag.py:3036} INFO - Sync 1 DAGs
[2025-08-22T09:17:57.051+0000] {logging_mixin.py:188} INFO - [2025-08-22T09:17:57.051+0000] {dag.py:3823} INFO - Setting next_dagrun for poc_pipeline to 2025-08-22 00:00:00+00:00, run_after=2025-08-23 00:00:00+00:00
[2025-08-22T09:17:57.076+0000] {processor.py:183} INFO - Processing /opt/airflow/dags/poc_pipeline.py took 0.171 seconds
[2025-08-22T09:18:27.311+0000] {processor.py:161} INFO - Started process (PID=228) to work on /opt/airflow/dags/poc_pipeline.py
[2025-08-22T09:18:27.313+0000] {processor.py:830} INFO - Processing file /opt/airflow/dags/poc_pipeline.py for tasks to queue
[2025-08-22T09:18:27.314+0000] {logging_mixin.py:188} INFO - [2025-08-22T09:18:27.313+0000] {dagbag.py:538} INFO - Filling up the DagBag from /opt/airflow/dags/poc_pipeline.py
[2025-08-22T09:18:27.338+0000] {processor.py:840} INFO - DAG(s) 'poc_pipeline' retrieved from /opt/airflow/dags/poc_pipeline.py
[2025-08-22T09:18:27.383+0000] {logging_mixin.py:188} INFO - [2025-08-22T09:18:27.383+0000] {dag.py:3036} INFO - Sync 1 DAGs
[2025-08-22T09:18:27.406+0000] {logging_mixin.py:188} INFO - [2025-08-22T09:18:27.405+0000] {dag.py:3823} INFO - Setting next_dagrun for poc_pipeline to 2025-08-22 00:00:00+00:00, run_after=2025-08-23 00:00:00+00:00
[2025-08-22T09:18:27.423+0000] {processor.py:183} INFO - Processing /opt/airflow/dags/poc_pipeline.py took 0.116 seconds
[2025-08-22T09:18:57.803+0000] {processor.py:161} INFO - Started process (PID=233) to work on /opt/airflow/dags/poc_pipeline.py
[2025-08-22T09:18:57.804+0000] {processor.py:830} INFO - Processing file /opt/airflow/dags/poc_pipeline.py for tasks to queue
[2025-08-22T09:18:57.805+0000] {logging_mixin.py:188} INFO - [2025-08-22T09:18:57.805+0000] {dagbag.py:538} INFO - Filling up the DagBag from /opt/airflow/dags/poc_pipeline.py
[2025-08-22T09:18:57.827+0000] {processor.py:840} INFO - DAG(s) 'poc_pipeline' retrieved from /opt/airflow/dags/poc_pipeline.py
[2025-08-22T09:18:57.873+0000] {logging_mixin.py:188} INFO - [2025-08-22T09:18:57.873+0000] {dag.py:3036} INFO - Sync 1 DAGs
[2025-08-22T09:18:57.900+0000] {logging_mixin.py:188} INFO - [2025-08-22T09:18:57.900+0000] {dag.py:3823} INFO - Setting next_dagrun for poc_pipeline to 2025-08-22 00:00:00+00:00, run_after=2025-08-23 00:00:00+00:00
[2025-08-22T09:18:57.913+0000] {processor.py:183} INFO - Processing /opt/airflow/dags/poc_pipeline.py took 0.116 seconds
[2025-08-22T09:19:28.211+0000] {processor.py:161} INFO - Started process (PID=238) to work on /opt/airflow/dags/poc_pipeline.py
[2025-08-22T09:19:28.212+0000] {processor.py:830} INFO - Processing file /opt/airflow/dags/poc_pipeline.py for tasks to queue
[2025-08-22T09:19:28.213+0000] {logging_mixin.py:188} INFO - [2025-08-22T09:19:28.213+0000] {dagbag.py:538} INFO - Filling up the DagBag from /opt/airflow/dags/poc_pipeline.py
[2025-08-22T09:19:28.238+0000] {processor.py:840} INFO - DAG(s) 'poc_pipeline' retrieved from /opt/airflow/dags/poc_pipeline.py
[2025-08-22T09:19:28.291+0000] {logging_mixin.py:188} INFO - [2025-08-22T09:19:28.291+0000] {dag.py:3036} INFO - Sync 1 DAGs
[2025-08-22T09:19:28.322+0000] {logging_mixin.py:188} INFO - [2025-08-22T09:19:28.322+0000] {dag.py:3823} INFO - Setting next_dagrun for poc_pipeline to 2025-08-22 00:00:00+00:00, run_after=2025-08-23 00:00:00+00:00
[2025-08-22T09:19:28.339+0000] {processor.py:183} INFO - Processing /opt/airflow/dags/poc_pipeline.py took 0.136 seconds
[2025-08-22T09:19:58.586+0000] {processor.py:161} INFO - Started process (PID=243) to work on /opt/airflow/dags/poc_pipeline.py
[2025-08-22T09:19:58.588+0000] {processor.py:830} INFO - Processing file /opt/airflow/dags/poc_pipeline.py for tasks to queue
[2025-08-22T09:19:58.591+0000] {logging_mixin.py:188} INFO - [2025-08-22T09:19:58.590+0000] {dagbag.py:538} INFO - Filling up the DagBag from /opt/airflow/dags/poc_pipeline.py
[2025-08-22T09:19:58.619+0000] {processor.py:840} INFO - DAG(s) 'poc_pipeline' retrieved from /opt/airflow/dags/poc_pipeline.py
[2025-08-22T09:19:58.673+0000] {logging_mixin.py:188} INFO - [2025-08-22T09:19:58.673+0000] {dag.py:3036} INFO - Sync 1 DAGs
[2025-08-22T09:19:58.699+0000] {logging_mixin.py:188} INFO - [2025-08-22T09:19:58.699+0000] {dag.py:3823} INFO - Setting next_dagrun for poc_pipeline to 2025-08-22 00:00:00+00:00, run_after=2025-08-23 00:00:00+00:00
[2025-08-22T09:19:58.715+0000] {processor.py:183} INFO - Processing /opt/airflow/dags/poc_pipeline.py took 0.137 seconds
[2025-08-22T09:20:28.910+0000] {processor.py:161} INFO - Started process (PID=248) to work on /opt/airflow/dags/poc_pipeline.py
[2025-08-22T09:20:28.912+0000] {processor.py:830} INFO - Processing file /opt/airflow/dags/poc_pipeline.py for tasks to queue
[2025-08-22T09:20:28.913+0000] {logging_mixin.py:188} INFO - [2025-08-22T09:20:28.912+0000] {dagbag.py:538} INFO - Filling up the DagBag from /opt/airflow/dags/poc_pipeline.py
[2025-08-22T09:20:28.933+0000] {processor.py:840} INFO - DAG(s) 'poc_pipeline' retrieved from /opt/airflow/dags/poc_pipeline.py
[2025-08-22T09:20:28.979+0000] {logging_mixin.py:188} INFO - [2025-08-22T09:20:28.979+0000] {dag.py:3036} INFO - Sync 1 DAGs
[2025-08-22T09:20:29.000+0000] {logging_mixin.py:188} INFO - [2025-08-22T09:20:29.000+0000] {dag.py:3823} INFO - Setting next_dagrun for poc_pipeline to 2025-08-22 00:00:00+00:00, run_after=2025-08-23 00:00:00+00:00
[2025-08-22T09:20:29.018+0000] {processor.py:183} INFO - Processing /opt/airflow/dags/poc_pipeline.py took 0.114 seconds
[2025-08-22T09:20:59.368+0000] {processor.py:161} INFO - Started process (PID=253) to work on /opt/airflow/dags/poc_pipeline.py
[2025-08-22T09:20:59.370+0000] {processor.py:830} INFO - Processing file /opt/airflow/dags/poc_pipeline.py for tasks to queue
[2025-08-22T09:20:59.371+0000] {logging_mixin.py:188} INFO - [2025-08-22T09:20:59.370+0000] {dagbag.py:538} INFO - Filling up the DagBag from /opt/airflow/dags/poc_pipeline.py
[2025-08-22T09:20:59.393+0000] {processor.py:840} INFO - DAG(s) 'poc_pipeline' retrieved from /opt/airflow/dags/poc_pipeline.py
[2025-08-22T09:20:59.438+0000] {logging_mixin.py:188} INFO - [2025-08-22T09:20:59.438+0000] {dag.py:3036} INFO - Sync 1 DAGs
[2025-08-22T09:20:59.464+0000] {logging_mixin.py:188} INFO - [2025-08-22T09:20:59.464+0000] {dag.py:3823} INFO - Setting next_dagrun for poc_pipeline to 2025-08-22 00:00:00+00:00, run_after=2025-08-23 00:00:00+00:00
[2025-08-22T09:20:59.485+0000] {processor.py:183} INFO - Processing /opt/airflow/dags/poc_pipeline.py took 0.123 seconds
[2025-08-22T09:21:29.865+0000] {processor.py:161} INFO - Started process (PID=258) to work on /opt/airflow/dags/poc_pipeline.py
[2025-08-22T09:21:29.866+0000] {processor.py:830} INFO - Processing file /opt/airflow/dags/poc_pipeline.py for tasks to queue
[2025-08-22T09:21:29.867+0000] {logging_mixin.py:188} INFO - [2025-08-22T09:21:29.867+0000] {dagbag.py:538} INFO - Filling up the DagBag from /opt/airflow/dags/poc_pipeline.py
[2025-08-22T09:21:29.885+0000] {processor.py:840} INFO - DAG(s) 'poc_pipeline' retrieved from /opt/airflow/dags/poc_pipeline.py
[2025-08-22T09:21:29.974+0000] {logging_mixin.py:188} INFO - [2025-08-22T09:21:29.973+0000] {dag.py:3036} INFO - Sync 1 DAGs
[2025-08-22T09:21:30.005+0000] {logging_mixin.py:188} INFO - [2025-08-22T09:21:30.005+0000] {dag.py:3823} INFO - Setting next_dagrun for poc_pipeline to 2025-08-22 00:00:00+00:00, run_after=2025-08-23 00:00:00+00:00
[2025-08-22T09:21:30.026+0000] {processor.py:183} INFO - Processing /opt/airflow/dags/poc_pipeline.py took 0.166 seconds
[2025-08-22T09:22:00.228+0000] {processor.py:161} INFO - Started process (PID=263) to work on /opt/airflow/dags/poc_pipeline.py
[2025-08-22T09:22:00.232+0000] {processor.py:830} INFO - Processing file /opt/airflow/dags/poc_pipeline.py for tasks to queue
[2025-08-22T09:22:00.234+0000] {logging_mixin.py:188} INFO - [2025-08-22T09:22:00.233+0000] {dagbag.py:538} INFO - Filling up the DagBag from /opt/airflow/dags/poc_pipeline.py
[2025-08-22T09:22:00.254+0000] {processor.py:840} INFO - DAG(s) 'poc_pipeline' retrieved from /opt/airflow/dags/poc_pipeline.py
[2025-08-22T09:22:00.299+0000] {logging_mixin.py:188} INFO - [2025-08-22T09:22:00.299+0000] {dag.py:3036} INFO - Sync 1 DAGs
[2025-08-22T09:22:00.334+0000] {logging_mixin.py:188} INFO - [2025-08-22T09:22:00.334+0000] {dag.py:3823} INFO - Setting next_dagrun for poc_pipeline to 2025-08-22 00:00:00+00:00, run_after=2025-08-23 00:00:00+00:00
[2025-08-22T09:22:00.351+0000] {processor.py:183} INFO - Processing /opt/airflow/dags/poc_pipeline.py took 0.142 seconds
[2025-08-22T09:22:30.726+0000] {processor.py:161} INFO - Started process (PID=268) to work on /opt/airflow/dags/poc_pipeline.py
[2025-08-22T09:22:30.728+0000] {processor.py:830} INFO - Processing file /opt/airflow/dags/poc_pipeline.py for tasks to queue
[2025-08-22T09:22:30.729+0000] {logging_mixin.py:188} INFO - [2025-08-22T09:22:30.728+0000] {dagbag.py:538} INFO - Filling up the DagBag from /opt/airflow/dags/poc_pipeline.py
[2025-08-22T09:22:30.754+0000] {processor.py:840} INFO - DAG(s) 'poc_pipeline' retrieved from /opt/airflow/dags/poc_pipeline.py
[2025-08-22T09:22:30.799+0000] {logging_mixin.py:188} INFO - [2025-08-22T09:22:30.799+0000] {dag.py:3036} INFO - Sync 1 DAGs
[2025-08-22T09:22:30.825+0000] {logging_mixin.py:188} INFO - [2025-08-22T09:22:30.825+0000] {dag.py:3823} INFO - Setting next_dagrun for poc_pipeline to 2025-08-22 00:00:00+00:00, run_after=2025-08-23 00:00:00+00:00
[2025-08-22T09:22:30.842+0000] {processor.py:183} INFO - Processing /opt/airflow/dags/poc_pipeline.py took 0.125 seconds
[2025-08-22T09:23:01.148+0000] {processor.py:161} INFO - Started process (PID=273) to work on /opt/airflow/dags/poc_pipeline.py
[2025-08-22T09:23:01.150+0000] {processor.py:830} INFO - Processing file /opt/airflow/dags/poc_pipeline.py for tasks to queue
[2025-08-22T09:23:01.151+0000] {logging_mixin.py:188} INFO - [2025-08-22T09:23:01.151+0000] {dagbag.py:538} INFO - Filling up the DagBag from /opt/airflow/dags/poc_pipeline.py
[2025-08-22T09:23:01.176+0000] {processor.py:840} INFO - DAG(s) 'poc_pipeline' retrieved from /opt/airflow/dags/poc_pipeline.py
[2025-08-22T09:23:01.224+0000] {logging_mixin.py:188} INFO - [2025-08-22T09:23:01.224+0000] {dag.py:3036} INFO - Sync 1 DAGs
[2025-08-22T09:23:01.249+0000] {logging_mixin.py:188} INFO - [2025-08-22T09:23:01.249+0000] {dag.py:3823} INFO - Setting next_dagrun for poc_pipeline to 2025-08-22 00:00:00+00:00, run_after=2025-08-23 00:00:00+00:00
[2025-08-22T09:23:01.265+0000] {processor.py:183} INFO - Processing /opt/airflow/dags/poc_pipeline.py took 0.125 seconds
[2025-08-22T09:23:31.554+0000] {processor.py:161} INFO - Started process (PID=278) to work on /opt/airflow/dags/poc_pipeline.py
[2025-08-22T09:23:31.557+0000] {processor.py:830} INFO - Processing file /opt/airflow/dags/poc_pipeline.py for tasks to queue
[2025-08-22T09:23:31.559+0000] {logging_mixin.py:188} INFO - [2025-08-22T09:23:31.559+0000] {dagbag.py:538} INFO - Filling up the DagBag from /opt/airflow/dags/poc_pipeline.py
[2025-08-22T09:23:31.592+0000] {processor.py:840} INFO - DAG(s) 'poc_pipeline' retrieved from /opt/airflow/dags/poc_pipeline.py
[2025-08-22T09:23:31.645+0000] {logging_mixin.py:188} INFO - [2025-08-22T09:23:31.644+0000] {dag.py:3036} INFO - Sync 1 DAGs
[2025-08-22T09:23:31.673+0000] {logging_mixin.py:188} INFO - [2025-08-22T09:23:31.672+0000] {dag.py:3823} INFO - Setting next_dagrun for poc_pipeline to 2025-08-22 00:00:00+00:00, run_after=2025-08-23 00:00:00+00:00
[2025-08-22T09:23:31.692+0000] {processor.py:183} INFO - Processing /opt/airflow/dags/poc_pipeline.py took 0.150 seconds
[2025-08-22T09:24:01.928+0000] {processor.py:161} INFO - Started process (PID=283) to work on /opt/airflow/dags/poc_pipeline.py
[2025-08-22T09:24:01.929+0000] {processor.py:830} INFO - Processing file /opt/airflow/dags/poc_pipeline.py for tasks to queue
[2025-08-22T09:24:01.931+0000] {logging_mixin.py:188} INFO - [2025-08-22T09:24:01.930+0000] {dagbag.py:538} INFO - Filling up the DagBag from /opt/airflow/dags/poc_pipeline.py
[2025-08-22T09:24:01.963+0000] {processor.py:840} INFO - DAG(s) 'poc_pipeline' retrieved from /opt/airflow/dags/poc_pipeline.py
[2025-08-22T09:24:02.009+0000] {logging_mixin.py:188} INFO - [2025-08-22T09:24:02.008+0000] {dag.py:3036} INFO - Sync 1 DAGs
[2025-08-22T09:24:02.032+0000] {logging_mixin.py:188} INFO - [2025-08-22T09:24:02.032+0000] {dag.py:3823} INFO - Setting next_dagrun for poc_pipeline to 2025-08-22 00:00:00+00:00, run_after=2025-08-23 00:00:00+00:00
[2025-08-22T09:24:02.047+0000] {processor.py:183} INFO - Processing /opt/airflow/dags/poc_pipeline.py took 0.128 seconds
[2025-08-22T09:24:32.376+0000] {processor.py:161} INFO - Started process (PID=288) to work on /opt/airflow/dags/poc_pipeline.py
[2025-08-22T09:24:32.377+0000] {processor.py:830} INFO - Processing file /opt/airflow/dags/poc_pipeline.py for tasks to queue
[2025-08-22T09:24:32.380+0000] {logging_mixin.py:188} INFO - [2025-08-22T09:24:32.379+0000] {dagbag.py:538} INFO - Filling up the DagBag from /opt/airflow/dags/poc_pipeline.py
[2025-08-22T09:24:32.410+0000] {processor.py:840} INFO - DAG(s) 'poc_pipeline' retrieved from /opt/airflow/dags/poc_pipeline.py
[2025-08-22T09:24:32.500+0000] {logging_mixin.py:188} INFO - [2025-08-22T09:24:32.500+0000] {dag.py:3036} INFO - Sync 1 DAGs
[2025-08-22T09:24:32.531+0000] {logging_mixin.py:188} INFO - [2025-08-22T09:24:32.531+0000] {dag.py:3823} INFO - Setting next_dagrun for poc_pipeline to 2025-08-22 00:00:00+00:00, run_after=2025-08-23 00:00:00+00:00
[2025-08-22T09:24:32.558+0000] {processor.py:183} INFO - Processing /opt/airflow/dags/poc_pipeline.py took 0.187 seconds
[2025-08-22T09:25:02.750+0000] {processor.py:161} INFO - Started process (PID=293) to work on /opt/airflow/dags/poc_pipeline.py
[2025-08-22T09:25:02.757+0000] {processor.py:830} INFO - Processing file /opt/airflow/dags/poc_pipeline.py for tasks to queue
[2025-08-22T09:25:02.759+0000] {logging_mixin.py:188} INFO - [2025-08-22T09:25:02.758+0000] {dagbag.py:538} INFO - Filling up the DagBag from /opt/airflow/dags/poc_pipeline.py
[2025-08-22T09:25:02.781+0000] {processor.py:840} INFO - DAG(s) 'poc_pipeline' retrieved from /opt/airflow/dags/poc_pipeline.py
[2025-08-22T09:25:02.834+0000] {logging_mixin.py:188} INFO - [2025-08-22T09:25:02.833+0000] {dag.py:3036} INFO - Sync 1 DAGs
[2025-08-22T09:25:02.857+0000] {logging_mixin.py:188} INFO - [2025-08-22T09:25:02.857+0000] {dag.py:3823} INFO - Setting next_dagrun for poc_pipeline to 2025-08-22 00:00:00+00:00, run_after=2025-08-23 00:00:00+00:00
[2025-08-22T09:25:02.875+0000] {processor.py:183} INFO - Processing /opt/airflow/dags/poc_pipeline.py took 0.138 seconds
[2025-08-22T09:25:33.180+0000] {processor.py:161} INFO - Started process (PID=298) to work on /opt/airflow/dags/poc_pipeline.py
[2025-08-22T09:25:33.181+0000] {processor.py:830} INFO - Processing file /opt/airflow/dags/poc_pipeline.py for tasks to queue
[2025-08-22T09:25:33.183+0000] {logging_mixin.py:188} INFO - [2025-08-22T09:25:33.183+0000] {dagbag.py:538} INFO - Filling up the DagBag from /opt/airflow/dags/poc_pipeline.py
[2025-08-22T09:25:33.205+0000] {processor.py:840} INFO - DAG(s) 'poc_pipeline' retrieved from /opt/airflow/dags/poc_pipeline.py
[2025-08-22T09:25:33.252+0000] {logging_mixin.py:188} INFO - [2025-08-22T09:25:33.251+0000] {dag.py:3036} INFO - Sync 1 DAGs
[2025-08-22T09:25:33.282+0000] {logging_mixin.py:188} INFO - [2025-08-22T09:25:33.281+0000] {dag.py:3823} INFO - Setting next_dagrun for poc_pipeline to 2025-08-22 00:00:00+00:00, run_after=2025-08-23 00:00:00+00:00
[2025-08-22T09:25:33.298+0000] {processor.py:183} INFO - Processing /opt/airflow/dags/poc_pipeline.py took 0.129 seconds
[2025-08-22T09:26:03.616+0000] {processor.py:161} INFO - Started process (PID=303) to work on /opt/airflow/dags/poc_pipeline.py
[2025-08-22T09:26:03.620+0000] {processor.py:830} INFO - Processing file /opt/airflow/dags/poc_pipeline.py for tasks to queue
[2025-08-22T09:26:03.621+0000] {logging_mixin.py:188} INFO - [2025-08-22T09:26:03.621+0000] {dagbag.py:538} INFO - Filling up the DagBag from /opt/airflow/dags/poc_pipeline.py
[2025-08-22T09:26:03.678+0000] {processor.py:840} INFO - DAG(s) 'poc_pipeline' retrieved from /opt/airflow/dags/poc_pipeline.py
[2025-08-22T09:26:03.760+0000] {logging_mixin.py:188} INFO - [2025-08-22T09:26:03.760+0000] {dag.py:3036} INFO - Sync 1 DAGs
[2025-08-22T09:26:03.786+0000] {logging_mixin.py:188} INFO - [2025-08-22T09:26:03.785+0000] {dag.py:3823} INFO - Setting next_dagrun for poc_pipeline to 2025-08-22 00:00:00+00:00, run_after=2025-08-23 00:00:00+00:00
[2025-08-22T09:26:03.798+0000] {processor.py:183} INFO - Processing /opt/airflow/dags/poc_pipeline.py took 0.190 seconds
[2025-08-22T09:26:34.118+0000] {processor.py:161} INFO - Started process (PID=308) to work on /opt/airflow/dags/poc_pipeline.py
[2025-08-22T09:26:34.120+0000] {processor.py:830} INFO - Processing file /opt/airflow/dags/poc_pipeline.py for tasks to queue
[2025-08-22T09:26:34.122+0000] {logging_mixin.py:188} INFO - [2025-08-22T09:26:34.121+0000] {dagbag.py:538} INFO - Filling up the DagBag from /opt/airflow/dags/poc_pipeline.py
[2025-08-22T09:26:34.161+0000] {processor.py:840} INFO - DAG(s) 'poc_pipeline' retrieved from /opt/airflow/dags/poc_pipeline.py
[2025-08-22T09:26:34.227+0000] {logging_mixin.py:188} INFO - [2025-08-22T09:26:34.227+0000] {dag.py:3036} INFO - Sync 1 DAGs
[2025-08-22T09:26:34.253+0000] {logging_mixin.py:188} INFO - [2025-08-22T09:26:34.253+0000] {dag.py:3823} INFO - Setting next_dagrun for poc_pipeline to 2025-08-22 00:00:00+00:00, run_after=2025-08-23 00:00:00+00:00
[2025-08-22T09:26:34.273+0000] {processor.py:183} INFO - Processing /opt/airflow/dags/poc_pipeline.py took 0.162 seconds
[2025-08-22T09:27:04.472+0000] {processor.py:161} INFO - Started process (PID=313) to work on /opt/airflow/dags/poc_pipeline.py
[2025-08-22T09:27:04.474+0000] {processor.py:830} INFO - Processing file /opt/airflow/dags/poc_pipeline.py for tasks to queue
[2025-08-22T09:27:04.476+0000] {logging_mixin.py:188} INFO - [2025-08-22T09:27:04.475+0000] {dagbag.py:538} INFO - Filling up the DagBag from /opt/airflow/dags/poc_pipeline.py
[2025-08-22T09:27:04.510+0000] {processor.py:840} INFO - DAG(s) 'poc_pipeline' retrieved from /opt/airflow/dags/poc_pipeline.py
[2025-08-22T09:27:04.553+0000] {logging_mixin.py:188} INFO - [2025-08-22T09:27:04.553+0000] {dag.py:3036} INFO - Sync 1 DAGs
[2025-08-22T09:27:04.642+0000] {logging_mixin.py:188} INFO - [2025-08-22T09:27:04.642+0000] {dag.py:3823} INFO - Setting next_dagrun for poc_pipeline to 2025-08-22 00:00:00+00:00, run_after=2025-08-23 00:00:00+00:00
[2025-08-22T09:27:04.658+0000] {processor.py:183} INFO - Processing /opt/airflow/dags/poc_pipeline.py took 0.195 seconds
[2025-08-22T09:27:34.820+0000] {processor.py:161} INFO - Started process (PID=318) to work on /opt/airflow/dags/poc_pipeline.py
[2025-08-22T09:27:34.823+0000] {processor.py:830} INFO - Processing file /opt/airflow/dags/poc_pipeline.py for tasks to queue
[2025-08-22T09:27:34.826+0000] {logging_mixin.py:188} INFO - [2025-08-22T09:27:34.824+0000] {dagbag.py:538} INFO - Filling up the DagBag from /opt/airflow/dags/poc_pipeline.py
[2025-08-22T09:27:34.851+0000] {processor.py:840} INFO - DAG(s) 'poc_pipeline' retrieved from /opt/airflow/dags/poc_pipeline.py
[2025-08-22T09:27:34.893+0000] {logging_mixin.py:188} INFO - [2025-08-22T09:27:34.893+0000] {dag.py:3036} INFO - Sync 1 DAGs
[2025-08-22T09:27:34.917+0000] {logging_mixin.py:188} INFO - [2025-08-22T09:27:34.917+0000] {dag.py:3823} INFO - Setting next_dagrun for poc_pipeline to 2025-08-22 00:00:00+00:00, run_after=2025-08-23 00:00:00+00:00
[2025-08-22T09:27:34.936+0000] {processor.py:183} INFO - Processing /opt/airflow/dags/poc_pipeline.py took 0.122 seconds
[2025-08-22T09:28:05.294+0000] {processor.py:161} INFO - Started process (PID=323) to work on /opt/airflow/dags/poc_pipeline.py
[2025-08-22T09:28:05.296+0000] {processor.py:830} INFO - Processing file /opt/airflow/dags/poc_pipeline.py for tasks to queue
[2025-08-22T09:28:05.299+0000] {logging_mixin.py:188} INFO - [2025-08-22T09:28:05.298+0000] {dagbag.py:538} INFO - Filling up the DagBag from /opt/airflow/dags/poc_pipeline.py
[2025-08-22T09:28:05.360+0000] {processor.py:840} INFO - DAG(s) 'poc_pipeline' retrieved from /opt/airflow/dags/poc_pipeline.py
[2025-08-22T09:28:05.435+0000] {logging_mixin.py:188} INFO - [2025-08-22T09:28:05.435+0000] {dag.py:3036} INFO - Sync 1 DAGs
[2025-08-22T09:28:05.462+0000] {logging_mixin.py:188} INFO - [2025-08-22T09:28:05.461+0000] {dag.py:3823} INFO - Setting next_dagrun for poc_pipeline to 2025-08-22 00:00:00+00:00, run_after=2025-08-23 00:00:00+00:00
[2025-08-22T09:28:05.480+0000] {processor.py:183} INFO - Processing /opt/airflow/dags/poc_pipeline.py took 0.194 seconds
[2025-08-22T09:28:35.715+0000] {processor.py:161} INFO - Started process (PID=328) to work on /opt/airflow/dags/poc_pipeline.py
[2025-08-22T09:28:35.717+0000] {processor.py:830} INFO - Processing file /opt/airflow/dags/poc_pipeline.py for tasks to queue
[2025-08-22T09:28:35.719+0000] {logging_mixin.py:188} INFO - [2025-08-22T09:28:35.718+0000] {dagbag.py:538} INFO - Filling up the DagBag from /opt/airflow/dags/poc_pipeline.py
[2025-08-22T09:28:35.749+0000] {processor.py:840} INFO - DAG(s) 'poc_pipeline' retrieved from /opt/airflow/dags/poc_pipeline.py
[2025-08-22T09:28:35.807+0000] {logging_mixin.py:188} INFO - [2025-08-22T09:28:35.807+0000] {dag.py:3036} INFO - Sync 1 DAGs
[2025-08-22T09:28:35.836+0000] {logging_mixin.py:188} INFO - [2025-08-22T09:28:35.836+0000] {dag.py:3823} INFO - Setting next_dagrun for poc_pipeline to 2025-08-22 00:00:00+00:00, run_after=2025-08-23 00:00:00+00:00
[2025-08-22T09:28:35.858+0000] {processor.py:183} INFO - Processing /opt/airflow/dags/poc_pipeline.py took 0.154 seconds
[2025-08-22T09:29:06.052+0000] {processor.py:161} INFO - Started process (PID=333) to work on /opt/airflow/dags/poc_pipeline.py
[2025-08-22T09:29:06.054+0000] {processor.py:830} INFO - Processing file /opt/airflow/dags/poc_pipeline.py for tasks to queue
[2025-08-22T09:29:06.055+0000] {logging_mixin.py:188} INFO - [2025-08-22T09:29:06.054+0000] {dagbag.py:538} INFO - Filling up the DagBag from /opt/airflow/dags/poc_pipeline.py
[2025-08-22T09:29:06.075+0000] {processor.py:840} INFO - DAG(s) 'poc_pipeline' retrieved from /opt/airflow/dags/poc_pipeline.py
[2025-08-22T09:29:06.118+0000] {logging_mixin.py:188} INFO - [2025-08-22T09:29:06.118+0000] {dag.py:3036} INFO - Sync 1 DAGs
[2025-08-22T09:29:06.146+0000] {logging_mixin.py:188} INFO - [2025-08-22T09:29:06.146+0000] {dag.py:3823} INFO - Setting next_dagrun for poc_pipeline to 2025-08-22 00:00:00+00:00, run_after=2025-08-23 00:00:00+00:00
[2025-08-22T09:29:06.163+0000] {processor.py:183} INFO - Processing /opt/airflow/dags/poc_pipeline.py took 0.119 seconds
[2025-08-22T09:29:36.395+0000] {processor.py:161} INFO - Started process (PID=338) to work on /opt/airflow/dags/poc_pipeline.py
[2025-08-22T09:29:36.397+0000] {processor.py:830} INFO - Processing file /opt/airflow/dags/poc_pipeline.py for tasks to queue
[2025-08-22T09:29:36.398+0000] {logging_mixin.py:188} INFO - [2025-08-22T09:29:36.397+0000] {dagbag.py:538} INFO - Filling up the DagBag from /opt/airflow/dags/poc_pipeline.py
[2025-08-22T09:29:36.425+0000] {processor.py:840} INFO - DAG(s) 'poc_pipeline' retrieved from /opt/airflow/dags/poc_pipeline.py
[2025-08-22T09:29:36.461+0000] {logging_mixin.py:188} INFO - [2025-08-22T09:29:36.461+0000] {dag.py:3036} INFO - Sync 1 DAGs
[2025-08-22T09:29:36.482+0000] {logging_mixin.py:188} INFO - [2025-08-22T09:29:36.482+0000] {dag.py:3823} INFO - Setting next_dagrun for poc_pipeline to 2025-08-22 00:00:00+00:00, run_after=2025-08-23 00:00:00+00:00
[2025-08-22T09:29:36.496+0000] {processor.py:183} INFO - Processing /opt/airflow/dags/poc_pipeline.py took 0.107 seconds
[2025-08-22T09:30:06.658+0000] {processor.py:161} INFO - Started process (PID=343) to work on /opt/airflow/dags/poc_pipeline.py
[2025-08-22T09:30:06.660+0000] {processor.py:830} INFO - Processing file /opt/airflow/dags/poc_pipeline.py for tasks to queue
[2025-08-22T09:30:06.662+0000] {logging_mixin.py:188} INFO - [2025-08-22T09:30:06.661+0000] {dagbag.py:538} INFO - Filling up the DagBag from /opt/airflow/dags/poc_pipeline.py
[2025-08-22T09:30:06.687+0000] {processor.py:840} INFO - DAG(s) 'poc_pipeline' retrieved from /opt/airflow/dags/poc_pipeline.py
[2025-08-22T09:30:06.722+0000] {logging_mixin.py:188} INFO - [2025-08-22T09:30:06.722+0000] {dag.py:3036} INFO - Sync 1 DAGs
[2025-08-22T09:30:06.744+0000] {logging_mixin.py:188} INFO - [2025-08-22T09:30:06.744+0000] {dag.py:3823} INFO - Setting next_dagrun for poc_pipeline to 2025-08-22 00:00:00+00:00, run_after=2025-08-23 00:00:00+00:00
[2025-08-22T09:30:06.756+0000] {processor.py:183} INFO - Processing /opt/airflow/dags/poc_pipeline.py took 0.108 seconds
[2025-08-22T09:30:36.931+0000] {processor.py:161} INFO - Started process (PID=348) to work on /opt/airflow/dags/poc_pipeline.py
[2025-08-22T09:30:36.932+0000] {processor.py:830} INFO - Processing file /opt/airflow/dags/poc_pipeline.py for tasks to queue
[2025-08-22T09:30:36.933+0000] {logging_mixin.py:188} INFO - [2025-08-22T09:30:36.933+0000] {dagbag.py:538} INFO - Filling up the DagBag from /opt/airflow/dags/poc_pipeline.py
[2025-08-22T09:30:36.956+0000] {processor.py:840} INFO - DAG(s) 'poc_pipeline' retrieved from /opt/airflow/dags/poc_pipeline.py
[2025-08-22T09:30:36.996+0000] {logging_mixin.py:188} INFO - [2025-08-22T09:30:36.995+0000] {dag.py:3036} INFO - Sync 1 DAGs
[2025-08-22T09:30:37.014+0000] {logging_mixin.py:188} INFO - [2025-08-22T09:30:37.013+0000] {dag.py:3823} INFO - Setting next_dagrun for poc_pipeline to 2025-08-22 00:00:00+00:00, run_after=2025-08-23 00:00:00+00:00
[2025-08-22T09:30:37.029+0000] {processor.py:183} INFO - Processing /opt/airflow/dags/poc_pipeline.py took 0.102 seconds
[2025-08-22T09:31:07.332+0000] {processor.py:161} INFO - Started process (PID=353) to work on /opt/airflow/dags/poc_pipeline.py
[2025-08-22T09:31:07.336+0000] {processor.py:830} INFO - Processing file /opt/airflow/dags/poc_pipeline.py for tasks to queue
[2025-08-22T09:31:07.338+0000] {logging_mixin.py:188} INFO - [2025-08-22T09:31:07.338+0000] {dagbag.py:538} INFO - Filling up the DagBag from /opt/airflow/dags/poc_pipeline.py
[2025-08-22T09:31:07.360+0000] {processor.py:840} INFO - DAG(s) 'poc_pipeline' retrieved from /opt/airflow/dags/poc_pipeline.py
[2025-08-22T09:31:07.398+0000] {logging_mixin.py:188} INFO - [2025-08-22T09:31:07.398+0000] {dag.py:3036} INFO - Sync 1 DAGs
[2025-08-22T09:31:07.430+0000] {logging_mixin.py:188} INFO - [2025-08-22T09:31:07.430+0000] {dag.py:3823} INFO - Setting next_dagrun for poc_pipeline to 2025-08-22 00:00:00+00:00, run_after=2025-08-23 00:00:00+00:00
[2025-08-22T09:31:07.455+0000] {processor.py:183} INFO - Processing /opt/airflow/dags/poc_pipeline.py took 0.128 seconds
[2025-08-22T09:31:37.619+0000] {processor.py:161} INFO - Started process (PID=358) to work on /opt/airflow/dags/poc_pipeline.py
[2025-08-22T09:31:37.621+0000] {processor.py:830} INFO - Processing file /opt/airflow/dags/poc_pipeline.py for tasks to queue
[2025-08-22T09:31:37.623+0000] {logging_mixin.py:188} INFO - [2025-08-22T09:31:37.622+0000] {dagbag.py:538} INFO - Filling up the DagBag from /opt/airflow/dags/poc_pipeline.py
[2025-08-22T09:31:37.649+0000] {processor.py:840} INFO - DAG(s) 'poc_pipeline' retrieved from /opt/airflow/dags/poc_pipeline.py
[2025-08-22T09:31:37.691+0000] {logging_mixin.py:188} INFO - [2025-08-22T09:31:37.691+0000] {dag.py:3036} INFO - Sync 1 DAGs
[2025-08-22T09:31:37.710+0000] {logging_mixin.py:188} INFO - [2025-08-22T09:31:37.709+0000] {dag.py:3823} INFO - Setting next_dagrun for poc_pipeline to 2025-08-22 00:00:00+00:00, run_after=2025-08-23 00:00:00+00:00
[2025-08-22T09:31:37.726+0000] {processor.py:183} INFO - Processing /opt/airflow/dags/poc_pipeline.py took 0.119 seconds
[2025-08-22T09:32:08.024+0000] {processor.py:161} INFO - Started process (PID=363) to work on /opt/airflow/dags/poc_pipeline.py
[2025-08-22T09:32:08.025+0000] {processor.py:830} INFO - Processing file /opt/airflow/dags/poc_pipeline.py for tasks to queue
[2025-08-22T09:32:08.026+0000] {logging_mixin.py:188} INFO - [2025-08-22T09:32:08.025+0000] {dagbag.py:538} INFO - Filling up the DagBag from /opt/airflow/dags/poc_pipeline.py
[2025-08-22T09:32:08.054+0000] {processor.py:840} INFO - DAG(s) 'poc_pipeline' retrieved from /opt/airflow/dags/poc_pipeline.py
[2025-08-22T09:32:08.091+0000] {logging_mixin.py:188} INFO - [2025-08-22T09:32:08.091+0000] {dag.py:3036} INFO - Sync 1 DAGs
[2025-08-22T09:32:08.109+0000] {logging_mixin.py:188} INFO - [2025-08-22T09:32:08.109+0000] {dag.py:3823} INFO - Setting next_dagrun for poc_pipeline to 2025-08-22 00:00:00+00:00, run_after=2025-08-23 00:00:00+00:00
[2025-08-22T09:32:08.122+0000] {processor.py:183} INFO - Processing /opt/airflow/dags/poc_pipeline.py took 0.106 seconds
[2025-08-22T09:32:38.435+0000] {processor.py:161} INFO - Started process (PID=368) to work on /opt/airflow/dags/poc_pipeline.py
[2025-08-22T09:32:38.437+0000] {processor.py:830} INFO - Processing file /opt/airflow/dags/poc_pipeline.py for tasks to queue
[2025-08-22T09:32:38.438+0000] {logging_mixin.py:188} INFO - [2025-08-22T09:32:38.437+0000] {dagbag.py:538} INFO - Filling up the DagBag from /opt/airflow/dags/poc_pipeline.py
[2025-08-22T09:32:38.461+0000] {processor.py:840} INFO - DAG(s) 'poc_pipeline' retrieved from /opt/airflow/dags/poc_pipeline.py
[2025-08-22T09:32:38.505+0000] {logging_mixin.py:188} INFO - [2025-08-22T09:32:38.505+0000] {dag.py:3036} INFO - Sync 1 DAGs
[2025-08-22T09:32:38.530+0000] {logging_mixin.py:188} INFO - [2025-08-22T09:32:38.530+0000] {dag.py:3823} INFO - Setting next_dagrun for poc_pipeline to 2025-08-22 00:00:00+00:00, run_after=2025-08-23 00:00:00+00:00
[2025-08-22T09:32:38.547+0000] {processor.py:183} INFO - Processing /opt/airflow/dags/poc_pipeline.py took 0.117 seconds
[2025-08-22T09:33:08.821+0000] {processor.py:161} INFO - Started process (PID=373) to work on /opt/airflow/dags/poc_pipeline.py
[2025-08-22T09:33:08.823+0000] {processor.py:830} INFO - Processing file /opt/airflow/dags/poc_pipeline.py for tasks to queue
[2025-08-22T09:33:08.825+0000] {logging_mixin.py:188} INFO - [2025-08-22T09:33:08.824+0000] {dagbag.py:538} INFO - Filling up the DagBag from /opt/airflow/dags/poc_pipeline.py
[2025-08-22T09:33:08.849+0000] {processor.py:840} INFO - DAG(s) 'poc_pipeline' retrieved from /opt/airflow/dags/poc_pipeline.py
[2025-08-22T09:33:08.881+0000] {logging_mixin.py:188} INFO - [2025-08-22T09:33:08.880+0000] {dag.py:3036} INFO - Sync 1 DAGs
[2025-08-22T09:33:08.904+0000] {logging_mixin.py:188} INFO - [2025-08-22T09:33:08.903+0000] {dag.py:3823} INFO - Setting next_dagrun for poc_pipeline to 2025-08-22 00:00:00+00:00, run_after=2025-08-23 00:00:00+00:00
[2025-08-22T09:33:08.917+0000] {processor.py:183} INFO - Processing /opt/airflow/dags/poc_pipeline.py took 0.105 seconds
[2025-08-22T09:33:39.150+0000] {processor.py:161} INFO - Started process (PID=378) to work on /opt/airflow/dags/poc_pipeline.py
[2025-08-22T09:33:39.151+0000] {processor.py:830} INFO - Processing file /opt/airflow/dags/poc_pipeline.py for tasks to queue
[2025-08-22T09:33:39.153+0000] {logging_mixin.py:188} INFO - [2025-08-22T09:33:39.152+0000] {dagbag.py:538} INFO - Filling up the DagBag from /opt/airflow/dags/poc_pipeline.py
[2025-08-22T09:33:39.176+0000] {processor.py:840} INFO - DAG(s) 'poc_pipeline' retrieved from /opt/airflow/dags/poc_pipeline.py
[2025-08-22T09:33:39.212+0000] {logging_mixin.py:188} INFO - [2025-08-22T09:33:39.211+0000] {dag.py:3036} INFO - Sync 1 DAGs
[2025-08-22T09:33:39.229+0000] {logging_mixin.py:188} INFO - [2025-08-22T09:33:39.229+0000] {dag.py:3823} INFO - Setting next_dagrun for poc_pipeline to 2025-08-22 00:00:00+00:00, run_after=2025-08-23 00:00:00+00:00
[2025-08-22T09:33:39.240+0000] {processor.py:183} INFO - Processing /opt/airflow/dags/poc_pipeline.py took 0.102 seconds
[2025-08-22T09:34:09.504+0000] {processor.py:161} INFO - Started process (PID=383) to work on /opt/airflow/dags/poc_pipeline.py
[2025-08-22T09:34:09.506+0000] {processor.py:830} INFO - Processing file /opt/airflow/dags/poc_pipeline.py for tasks to queue
[2025-08-22T09:34:09.507+0000] {logging_mixin.py:188} INFO - [2025-08-22T09:34:09.507+0000] {dagbag.py:538} INFO - Filling up the DagBag from /opt/airflow/dags/poc_pipeline.py
[2025-08-22T09:34:09.535+0000] {processor.py:840} INFO - DAG(s) 'poc_pipeline' retrieved from /opt/airflow/dags/poc_pipeline.py
[2025-08-22T09:34:09.593+0000] {logging_mixin.py:188} INFO - [2025-08-22T09:34:09.593+0000] {dag.py:3036} INFO - Sync 1 DAGs
[2025-08-22T09:34:09.614+0000] {logging_mixin.py:188} INFO - [2025-08-22T09:34:09.613+0000] {dag.py:3823} INFO - Setting next_dagrun for poc_pipeline to 2025-08-22 00:00:00+00:00, run_after=2025-08-23 00:00:00+00:00
[2025-08-22T09:34:09.628+0000] {processor.py:183} INFO - Processing /opt/airflow/dags/poc_pipeline.py took 0.135 seconds
[2025-08-22T09:34:39.933+0000] {processor.py:161} INFO - Started process (PID=388) to work on /opt/airflow/dags/poc_pipeline.py
[2025-08-22T09:34:39.935+0000] {processor.py:830} INFO - Processing file /opt/airflow/dags/poc_pipeline.py for tasks to queue
[2025-08-22T09:34:39.936+0000] {logging_mixin.py:188} INFO - [2025-08-22T09:34:39.936+0000] {dagbag.py:538} INFO - Filling up the DagBag from /opt/airflow/dags/poc_pipeline.py
[2025-08-22T09:34:39.963+0000] {processor.py:840} INFO - DAG(s) 'poc_pipeline' retrieved from /opt/airflow/dags/poc_pipeline.py
[2025-08-22T09:34:40.001+0000] {logging_mixin.py:188} INFO - [2025-08-22T09:34:40.001+0000] {dag.py:3036} INFO - Sync 1 DAGs
[2025-08-22T09:34:40.022+0000] {logging_mixin.py:188} INFO - [2025-08-22T09:34:40.022+0000] {dag.py:3823} INFO - Setting next_dagrun for poc_pipeline to 2025-08-22 00:00:00+00:00, run_after=2025-08-23 00:00:00+00:00
[2025-08-22T09:34:40.037+0000] {processor.py:183} INFO - Processing /opt/airflow/dags/poc_pipeline.py took 0.112 seconds
[2025-08-22T09:35:10.274+0000] {processor.py:161} INFO - Started process (PID=393) to work on /opt/airflow/dags/poc_pipeline.py
[2025-08-22T09:35:10.276+0000] {processor.py:830} INFO - Processing file /opt/airflow/dags/poc_pipeline.py for tasks to queue
[2025-08-22T09:35:10.277+0000] {logging_mixin.py:188} INFO - [2025-08-22T09:35:10.277+0000] {dagbag.py:538} INFO - Filling up the DagBag from /opt/airflow/dags/poc_pipeline.py
[2025-08-22T09:35:10.307+0000] {processor.py:840} INFO - DAG(s) 'poc_pipeline' retrieved from /opt/airflow/dags/poc_pipeline.py
[2025-08-22T09:35:10.349+0000] {logging_mixin.py:188} INFO - [2025-08-22T09:35:10.348+0000] {dag.py:3036} INFO - Sync 1 DAGs
[2025-08-22T09:35:10.369+0000] {logging_mixin.py:188} INFO - [2025-08-22T09:35:10.369+0000] {dag.py:3823} INFO - Setting next_dagrun for poc_pipeline to 2025-08-22 00:00:00+00:00, run_after=2025-08-23 00:00:00+00:00
[2025-08-22T09:35:10.386+0000] {processor.py:183} INFO - Processing /opt/airflow/dags/poc_pipeline.py took 0.118 seconds
[2025-08-22T09:35:40.658+0000] {processor.py:161} INFO - Started process (PID=398) to work on /opt/airflow/dags/poc_pipeline.py
[2025-08-22T09:35:40.660+0000] {processor.py:830} INFO - Processing file /opt/airflow/dags/poc_pipeline.py for tasks to queue
[2025-08-22T09:35:40.661+0000] {logging_mixin.py:188} INFO - [2025-08-22T09:35:40.661+0000] {dagbag.py:538} INFO - Filling up the DagBag from /opt/airflow/dags/poc_pipeline.py
[2025-08-22T09:35:40.689+0000] {processor.py:840} INFO - DAG(s) 'poc_pipeline' retrieved from /opt/airflow/dags/poc_pipeline.py
[2025-08-22T09:35:40.751+0000] {logging_mixin.py:188} INFO - [2025-08-22T09:35:40.751+0000] {dag.py:3036} INFO - Sync 1 DAGs
[2025-08-22T09:35:40.783+0000] {logging_mixin.py:188} INFO - [2025-08-22T09:35:40.783+0000] {dag.py:3823} INFO - Setting next_dagrun for poc_pipeline to 2025-08-22 00:00:00+00:00, run_after=2025-08-23 00:00:00+00:00
[2025-08-22T09:35:40.800+0000] {processor.py:183} INFO - Processing /opt/airflow/dags/poc_pipeline.py took 0.148 seconds
